[ 2016-08-11T20:12:05+08:00 ] ::1 /tp/index.php
INFO: [ app_init ] --START--
INFO: Run Behavior\BuildLiteBehavior [ RunTime:0.000025s ]
INFO: [ app_init ] --END-- [ RunTime:0.001183s ]
INFO: [ app_begin ] --START--
INFO: Run Behavior\ReadHtmlCacheBehavior [ RunTime:0.000675s ]
SQL: SHOW COLUMNS FROM `3000_navbar` [ RunTime:0.0738s ]
SQL: SELECT * FROM `3000_navbar` WHERE ( nav_isshow=1 ) ORDER BY nav_index  [ RunTime:0.0481s ]
INFO: Run Home\Behaviors\NavBehavior [ RunTime:0.223371s ]
NOTIC: [8] Undefined index: userin E:\wamp\www\tp\ls\Home\API\UserAPI.class.php 第 59 行.
NOTIC: [8] Trying to get property of non-object E:\wamp\www\tp\ls\Home\API\UserAPI.class.php 第 80 行.
INFO: Run Home\Behaviors\UserBehavior [ RunTime:0.003782s ]
INFO: [ app_begin ] --END-- [ RunTime:0.228155s ]
INFO: [ view_parse ] --START--
INFO: [ template_filter ] --START--
INFO: Run Behavior\ContentReplaceBehavior [ RunTime:0.037626s ]
INFO: [ template_filter ] --END-- [ RunTime:0.037762s ]
SQL: SELECT * FROM `3000_navbar` WHERE ( nav_isshow=1 ) ORDER BY nav_index  [ RunTime:0.0003s ]
SQL: SELECT * FROM `3000_navbar` WHERE ( nav_isshow=1 ) ORDER BY nav_index  [ RunTime:0.0003s ]
NOTIC: [8] Undefined variable: user_login E:\wamp\www\tp\ls\Runtime\Cache\Home\abd083ecb567af415a5adc9716eb0eaf.php 第 44 行.
INFO: Run Behavior\ParseTemplateBehavior [ RunTime:0.074689s ]
INFO: [ view_parse ] --END-- [ RunTime:0.074875s ]
INFO: [ view_filter ] --START--
INFO: Run Behavior\WriteHtmlCacheBehavior [ RunTime:0.000665s ]
INFO: [ view_filter ] --END-- [ RunTime:0.000798s ]
INFO: [ app_end ] --START--
INFO: Run Behavior\ShowPageTraceBehavior [ RunTime:0.000580s ]
INFO: [ app_end ] --END-- [ RunTime:0.000684s ]

[ 2016-08-11T20:14:20+08:00 ] ::1 /tp/index.php
INFO: [ app_init ] --START--
INFO: Run Behavior\BuildLiteBehavior [ RunTime:0.000038s ]
INFO: [ app_init ] --END-- [ RunTime:0.000571s ]
INFO: [ app_begin ] --START--
INFO: Run Behavior\ReadHtmlCacheBehavior [ RunTime:0.000622s ]
SQL: SHOW COLUMNS FROM `3000_navbar` [ RunTime:0.0071s ]
SQL: SELECT * FROM `3000_navbar` WHERE ( nav_isshow=1 ) ORDER BY nav_index  [ RunTime:0.0004s ]
INFO: Run Home\Behaviors\NavBehavior [ RunTime:0.016338s ]
NOTIC: [8] Undefined index: userin E:\wamp\www\tp\ls\Home\API\UserAPI.class.php 第 59 行.
NOTIC: [8] Trying to get property of non-object E:\wamp\www\tp\ls\Home\API\UserAPI.class.php 第 80 行.
INFO: Run Home\Behaviors\UserBehavior [ RunTime:0.002024s ]
INFO: [ app_begin ] --END-- [ RunTime:0.019292s ]
INFO: [ view_parse ] --START--
INFO: [ template_filter ] --START--
INFO: Run Behavior\ContentReplaceBehavior [ RunTime:0.000066s ]
INFO: [ template_filter ] --END-- [ RunTime:0.000209s ]
SQL: SELECT * FROM `3000_navbar` WHERE ( nav_isshow=1 ) ORDER BY nav_index  [ RunTime:0.0003s ]
SQL: SELECT * FROM `3000_navbar` WHERE ( nav_isshow=1 ) ORDER BY nav_index  [ RunTime:0.0002s ]
NOTIC: [8] Undefined variable: user_login E:\wamp\www\tp\ls\Runtime\Cache\Home\abd083ecb567af415a5adc9716eb0eaf.php 第 44 行.
INFO: Run Behavior\ParseTemplateBehavior [ RunTime:0.011308s ]
INFO: [ view_parse ] --END-- [ RunTime:0.011417s ]
INFO: [ view_filter ] --START--
INFO: Run Behavior\WriteHtmlCacheBehavior [ RunTime:0.000525s ]
INFO: [ view_filter ] --END-- [ RunTime:0.000623s ]
INFO: [ app_end ] --START--
INFO: Run Behavior\ShowPageTraceBehavior [ RunTime:0.000631s ]
INFO: [ app_end ] --END-- [ RunTime:0.000754s ]

[ 2016-08-11T21:15:15+08:00 ] ::1 /tp/Home/test
INFO: [ app_init ] --START--
INFO: Run Behavior\BuildLiteBehavior [ RunTime:0.000026s ]
INFO: [ app_init ] --END-- [ RunTime:0.000521s ]
INFO: [ app_begin ] --START--
INFO: Run Behavior\ReadHtmlCacheBehavior [ RunTime:0.001020s ]
SQL: SHOW COLUMNS FROM `3000_navbar` [ RunTime:0.0088s ]
SQL: SELECT * FROM `3000_navbar` WHERE ( nav_isshow=1 ) ORDER BY nav_index  [ RunTime:0.0005s ]
INFO: Run Home\Behaviors\NavBehavior [ RunTime:0.021851s ]
NOTIC: [8] Undefined index: userin E:\wamp\www\tp\ls\Home\API\UserAPI.class.php 第 59 行.
NOTIC: [8] Trying to get property of non-object E:\wamp\www\tp\ls\Home\API\UserAPI.class.php 第 80 行.
INFO: Run Home\Behaviors\UserBehavior [ RunTime:0.002113s ]
INFO: [ app_begin ] --END-- [ RunTime:0.025287s ]

[ 2016-08-11T21:15:31+08:00 ] ::1 /tp/Home/test
INFO: [ app_init ] --START--
INFO: Run Behavior\BuildLiteBehavior [ RunTime:0.000026s ]
INFO: [ app_init ] --END-- [ RunTime:0.000578s ]
INFO: [ app_begin ] --START--
INFO: Run Behavior\ReadHtmlCacheBehavior [ RunTime:0.000583s ]
SQL: SHOW COLUMNS FROM `3000_navbar` [ RunTime:0.0081s ]
SQL: SELECT * FROM `3000_navbar` WHERE ( nav_isshow=1 ) ORDER BY nav_index  [ RunTime:0.0003s ]
INFO: Run Home\Behaviors\NavBehavior [ RunTime:0.017169s ]
NOTIC: [8] Undefined index: userin E:\wamp\www\tp\ls\Home\API\UserAPI.class.php 第 59 行.
NOTIC: [8] Trying to get property of non-object E:\wamp\www\tp\ls\Home\API\UserAPI.class.php 第 80 行.
INFO: Run Home\Behaviors\UserBehavior [ RunTime:0.001906s ]
INFO: [ app_begin ] --END-- [ RunTime:0.019957s ]

[ 2016-08-11T21:15:32+08:00 ] ::1 /tp/Home/test
INFO: [ app_init ] --START--
INFO: Run Behavior\BuildLiteBehavior [ RunTime:0.000026s ]
INFO: [ app_init ] --END-- [ RunTime:0.000488s ]
INFO: [ app_begin ] --START--
INFO: Run Behavior\ReadHtmlCacheBehavior [ RunTime:0.000501s ]
SQL: SHOW COLUMNS FROM `3000_navbar` [ RunTime:0.0079s ]
SQL: SELECT * FROM `3000_navbar` WHERE ( nav_isshow=1 ) ORDER BY nav_index  [ RunTime:0.0004s ]
INFO: Run Home\Behaviors\NavBehavior [ RunTime:0.026725s ]
NOTIC: [8] Undefined index: userin E:\wamp\www\tp\ls\Home\API\UserAPI.class.php 第 59 行.
NOTIC: [8] Trying to get property of non-object E:\wamp\www\tp\ls\Home\API\UserAPI.class.php 第 80 行.
INFO: Run Home\Behaviors\UserBehavior [ RunTime:0.002514s ]
INFO: [ app_begin ] --END-- [ RunTime:0.030066s ]

[ 2016-08-11T21:15:32+08:00 ] ::1 /tp/Home/test
INFO: [ app_init ] --START--
INFO: Run Behavior\BuildLiteBehavior [ RunTime:0.000048s ]
INFO: [ app_init ] --END-- [ RunTime:0.000774s ]
INFO: [ app_begin ] --START--
INFO: Run Behavior\ReadHtmlCacheBehavior [ RunTime:0.000855s ]
SQL: SHOW COLUMNS FROM `3000_navbar` [ RunTime:0.0067s ]
SQL: SELECT * FROM `3000_navbar` WHERE ( nav_isshow=1 ) ORDER BY nav_index  [ RunTime:0.0004s ]
INFO: Run Home\Behaviors\NavBehavior [ RunTime:0.016198s ]
NOTIC: [8] Undefined index: userin E:\wamp\www\tp\ls\Home\API\UserAPI.class.php 第 59 行.
NOTIC: [8] Trying to get property of non-object E:\wamp\www\tp\ls\Home\API\UserAPI.class.php 第 80 行.
INFO: Run Home\Behaviors\UserBehavior [ RunTime:0.001936s ]
INFO: [ app_begin ] --END-- [ RunTime:0.019350s ]

[ 2016-08-11T21:17:09+08:00 ] ::1 /tp/Home/test
INFO: [ app_init ] --START--
INFO: Run Behavior\BuildLiteBehavior [ RunTime:0.000028s ]
INFO: [ app_init ] --END-- [ RunTime:0.000672s ]
INFO: [ app_begin ] --START--
INFO: Run Behavior\ReadHtmlCacheBehavior [ RunTime:0.000620s ]
SQL: SHOW COLUMNS FROM `3000_navbar` [ RunTime:0.0096s ]
SQL: SELECT * FROM `3000_navbar` WHERE ( nav_isshow=1 ) ORDER BY nav_index  [ RunTime:0.0004s ]
INFO: Run Home\Behaviors\NavBehavior [ RunTime:0.020109s ]
NOTIC: [8] Undefined index: userin E:\wamp\www\tp\ls\Home\API\UserAPI.class.php 第 59 行.
NOTIC: [8] Trying to get property of non-object E:\wamp\www\tp\ls\Home\API\UserAPI.class.php 第 80 行.
INFO: Run Home\Behaviors\UserBehavior [ RunTime:0.001704s ]
INFO: [ app_begin ] --END-- [ RunTime:0.022664s ]
SQL: SHOW COLUMNS FROM `3000_info` [ RunTime:0.0045s ]
SQL: SELECT * FROM `3000_info`  [ RunTime:0.0003s ]
NOTIC: [8] Array to string conversion E:\wamp\www\tp\ls\Home\Controller\TempController.class.php 第 11 行.
INFO: [ app_end ] --START--
INFO: Run Behavior\ShowPageTraceBehavior [ RunTime:0.000747s ]
INFO: [ app_end ] --END-- [ RunTime:0.000903s ]

[ 2016-08-11T21:17:10+08:00 ] ::1 /tp/Home/test
INFO: [ app_init ] --START--
INFO: Run Behavior\BuildLiteBehavior [ RunTime:0.000030s ]
INFO: [ app_init ] --END-- [ RunTime:0.000693s ]
INFO: [ app_begin ] --START--
INFO: Run Behavior\ReadHtmlCacheBehavior [ RunTime:0.000563s ]
SQL: SHOW COLUMNS FROM `3000_navbar` [ RunTime:0.0045s ]
SQL: SELECT * FROM `3000_navbar` WHERE ( nav_isshow=1 ) ORDER BY nav_index  [ RunTime:0.0004s ]
INFO: Run Home\Behaviors\NavBehavior [ RunTime:0.013389s ]
NOTIC: [8] Undefined index: userin E:\wamp\www\tp\ls\Home\API\UserAPI.class.php 第 59 行.
NOTIC: [8] Trying to get property of non-object E:\wamp\www\tp\ls\Home\API\UserAPI.class.php 第 80 行.
INFO: Run Home\Behaviors\UserBehavior [ RunTime:0.001671s ]
INFO: [ app_begin ] --END-- [ RunTime:0.015910s ]
SQL: SHOW COLUMNS FROM `3000_info` [ RunTime:0.0056s ]
SQL: SELECT * FROM `3000_info`  [ RunTime:0.0003s ]
NOTIC: [8] Array to string conversion E:\wamp\www\tp\ls\Home\Controller\TempController.class.php 第 11 行.
INFO: [ app_end ] --START--
INFO: Run Behavior\ShowPageTraceBehavior [ RunTime:0.000653s ]
INFO: [ app_end ] --END-- [ RunTime:0.000778s ]

[ 2016-08-11T21:17:30+08:00 ] ::1 /tp/Home/test
INFO: [ app_init ] --START--
INFO: Run Behavior\BuildLiteBehavior [ RunTime:0.000039s ]
INFO: [ app_init ] --END-- [ RunTime:0.000630s ]
INFO: [ app_begin ] --START--
INFO: Run Behavior\ReadHtmlCacheBehavior [ RunTime:0.000642s ]
SQL: SHOW COLUMNS FROM `3000_navbar` [ RunTime:0.0078s ]
SQL: SELECT * FROM `3000_navbar` WHERE ( nav_isshow=1 ) ORDER BY nav_index  [ RunTime:0.0003s ]
INFO: Run Home\Behaviors\NavBehavior [ RunTime:0.016714s ]
NOTIC: [8] Undefined index: userin E:\wamp\www\tp\ls\Home\API\UserAPI.class.php 第 59 行.
NOTIC: [8] Trying to get property of non-object E:\wamp\www\tp\ls\Home\API\UserAPI.class.php 第 80 行.
INFO: Run Home\Behaviors\UserBehavior [ RunTime:0.001907s ]
INFO: [ app_begin ] --END-- [ RunTime:0.019498s ]
SQL: SHOW COLUMNS FROM `3000_info` [ RunTime:0.0042s ]
SQL: SELECT * FROM `3000_info`  [ RunTime:0.0003s ]
INFO: [ app_end ] --START--
INFO: Run Behavior\ShowPageTraceBehavior [ RunTime:0.000775s ]
INFO: [ app_end ] --END-- [ RunTime:0.000901s ]

[ 2016-08-11T21:17:31+08:00 ] ::1 /tp/Home/test
INFO: [ app_init ] --START--
INFO: Run Behavior\BuildLiteBehavior [ RunTime:0.000025s ]
INFO: [ app_init ] --END-- [ RunTime:0.000542s ]
INFO: [ app_begin ] --START--
INFO: Run Behavior\ReadHtmlCacheBehavior [ RunTime:0.000525s ]
SQL: SHOW COLUMNS FROM `3000_navbar` [ RunTime:0.0077s ]
SQL: SELECT * FROM `3000_navbar` WHERE ( nav_isshow=1 ) ORDER BY nav_index  [ RunTime:0.0003s ]
INFO: Run Home\Behaviors\NavBehavior [ RunTime:0.017550s ]
NOTIC: [8] Undefined index: userin E:\wamp\www\tp\ls\Home\API\UserAPI.class.php 第 59 行.
NOTIC: [8] Trying to get property of non-object E:\wamp\www\tp\ls\Home\API\UserAPI.class.php 第 80 行.
INFO: Run Home\Behaviors\UserBehavior [ RunTime:0.002448s ]
INFO: [ app_begin ] --END-- [ RunTime:0.020836s ]
SQL: SHOW COLUMNS FROM `3000_info` [ RunTime:0.0048s ]
SQL: SELECT * FROM `3000_info`  [ RunTime:0.0003s ]
INFO: [ app_end ] --START--
INFO: Run Behavior\ShowPageTraceBehavior [ RunTime:0.000607s ]
INFO: [ app_end ] --END-- [ RunTime:0.000732s ]

[ 2016-08-11T21:18:51+08:00 ] ::1 /tp/Home/test
INFO: [ app_init ] --START--
INFO: Run Behavior\BuildLiteBehavior [ RunTime:0.000033s ]
INFO: [ app_init ] --END-- [ RunTime:0.000942s ]
INFO: [ app_begin ] --START--
INFO: Run Behavior\ReadHtmlCacheBehavior [ RunTime:0.000531s ]
SQL: SHOW COLUMNS FROM `3000_navbar` [ RunTime:0.0076s ]
SQL: SELECT * FROM `3000_navbar` WHERE ( nav_isshow=1 ) ORDER BY nav_index  [ RunTime:0.0003s ]
INFO: Run Home\Behaviors\NavBehavior [ RunTime:0.015945s ]
NOTIC: [8] Undefined index: userin E:\wamp\www\tp\ls\Home\API\UserAPI.class.php 第 59 行.
NOTIC: [8] Trying to get property of non-object E:\wamp\www\tp\ls\Home\API\UserAPI.class.php 第 80 行.
INFO: Run Home\Behaviors\UserBehavior [ RunTime:0.001441s ]
INFO: [ app_begin ] --END-- [ RunTime:0.018142s ]
SQL: SHOW COLUMNS FROM `3000_info` [ RunTime:0.0044s ]
ERR: 1064:You have an error in your SQL syntax; check the manual that corresponds to your MySQL server version for the right syntax to use near 'JOIN 3000_info_meta b on a.info_id=b.info_id' at line 1
 [ SQL语句 ] : SELECT * FROM 3000_info a left join JOIN 3000_info_meta b on a.info_id=b.info_id   
ERR: 1064:You have an error in your SQL syntax; check the manual that corresponds to your MySQL server version for the right syntax to use near 'JOIN 3000_info_meta b on a.info_id=b.info_id' at line 1
 [ SQL语句 ] : SELECT * FROM 3000_info a left join JOIN 3000_info_meta b on a.info_id=b.info_id   

[ 2016-08-11T21:19:08+08:00 ] ::1 /tp/Home/test
INFO: [ app_init ] --START--
INFO: Run Behavior\BuildLiteBehavior [ RunTime:0.000029s ]
INFO: [ app_init ] --END-- [ RunTime:0.000540s ]
INFO: [ app_begin ] --START--
INFO: Run Behavior\ReadHtmlCacheBehavior [ RunTime:0.000553s ]
SQL: SHOW COLUMNS FROM `3000_navbar` [ RunTime:0.0083s ]
SQL: SELECT * FROM `3000_navbar` WHERE ( nav_isshow=1 ) ORDER BY nav_index  [ RunTime:0.0003s ]
INFO: Run Home\Behaviors\NavBehavior [ RunTime:0.016272s ]
NOTIC: [8] Undefined index: userin E:\wamp\www\tp\ls\Home\API\UserAPI.class.php 第 59 行.
NOTIC: [8] Trying to get property of non-object E:\wamp\www\tp\ls\Home\API\UserAPI.class.php 第 80 行.
INFO: Run Home\Behaviors\UserBehavior [ RunTime:0.001583s ]
INFO: [ app_begin ] --END-- [ RunTime:0.018660s ]
SQL: SHOW COLUMNS FROM `3000_info` [ RunTime:0.0044s ]
SQL: SELECT * FROM 3000_info a left  JOIN 3000_info_meta b on a.info_id=b.info_id    [ RunTime:0.0009s ]
NOTIC: [8] Array to string conversion E:\wamp\www\tp\ls\Home\Controller\TempController.class.php 第 10 行.
INFO: [ app_end ] --START--
INFO: Run Behavior\ShowPageTraceBehavior [ RunTime:0.000886s ]
INFO: [ app_end ] --END-- [ RunTime:0.001051s ]

[ 2016-08-11T21:20:38+08:00 ] ::1 /tp/Home/test
INFO: [ app_init ] --START--
INFO: Run Behavior\BuildLiteBehavior [ RunTime:0.000024s ]
INFO: [ app_init ] --END-- [ RunTime:0.000551s ]
INFO: [ app_begin ] --START--
INFO: Run Behavior\ReadHtmlCacheBehavior [ RunTime:0.000601s ]
SQL: SHOW COLUMNS FROM `3000_navbar` [ RunTime:0.0083s ]
SQL: SELECT * FROM `3000_navbar` WHERE ( nav_isshow=1 ) ORDER BY nav_index  [ RunTime:0.0003s ]
INFO: Run Home\Behaviors\NavBehavior [ RunTime:0.019776s ]
NOTIC: [8] Undefined index: userin E:\wamp\www\tp\ls\Home\API\UserAPI.class.php 第 59 行.
NOTIC: [8] Trying to get property of non-object E:\wamp\www\tp\ls\Home\API\UserAPI.class.php 第 80 行.
INFO: Run Home\Behaviors\UserBehavior [ RunTime:0.001992s ]
INFO: [ app_begin ] --END-- [ RunTime:0.022594s ]
SQL: SHOW COLUMNS FROM `3000_info` [ RunTime:0.0037s ]
ERR: 1064:You have an error in your SQL syntax; check the manual that corresponds to your MySQL server version for the right syntax to use near 'dsc' at line 1
 [ SQL语句 ] : SELECT a.*,b.info_key,b.info_value FROM 3000_info a left  JOIN 3000_info_meta b on a.info_id=b.info_id   ORDER BY a.info_id dsc 
ERR: 1064:You have an error in your SQL syntax; check the manual that corresponds to your MySQL server version for the right syntax to use near 'dsc' at line 1
 [ SQL语句 ] : SELECT a.*,b.info_key,b.info_value FROM 3000_info a left  JOIN 3000_info_meta b on a.info_id=b.info_id   ORDER BY a.info_id dsc 

[ 2016-08-11T21:20:38+08:00 ] ::1 /tp/Home/test
INFO: [ app_init ] --START--
INFO: Run Behavior\BuildLiteBehavior [ RunTime:0.000024s ]
INFO: [ app_init ] --END-- [ RunTime:0.000537s ]
INFO: [ app_begin ] --START--
INFO: Run Behavior\ReadHtmlCacheBehavior [ RunTime:0.000471s ]
SQL: SHOW COLUMNS FROM `3000_navbar` [ RunTime:0.0080s ]
SQL: SELECT * FROM `3000_navbar` WHERE ( nav_isshow=1 ) ORDER BY nav_index  [ RunTime:0.0003s ]
INFO: Run Home\Behaviors\NavBehavior [ RunTime:0.016312s ]
NOTIC: [8] Undefined index: userin E:\wamp\www\tp\ls\Home\API\UserAPI.class.php 第 59 行.
NOTIC: [8] Trying to get property of non-object E:\wamp\www\tp\ls\Home\API\UserAPI.class.php 第 80 行.
INFO: Run Home\Behaviors\UserBehavior [ RunTime:0.001626s ]
INFO: [ app_begin ] --END-- [ RunTime:0.018624s ]
SQL: SHOW COLUMNS FROM `3000_info` [ RunTime:0.0056s ]
ERR: 1064:You have an error in your SQL syntax; check the manual that corresponds to your MySQL server version for the right syntax to use near 'dsc' at line 1
 [ SQL语句 ] : SELECT a.*,b.info_key,b.info_value FROM 3000_info a left  JOIN 3000_info_meta b on a.info_id=b.info_id   ORDER BY a.info_id dsc 
ERR: 1064:You have an error in your SQL syntax; check the manual that corresponds to your MySQL server version for the right syntax to use near 'dsc' at line 1
 [ SQL语句 ] : SELECT a.*,b.info_key,b.info_value FROM 3000_info a left  JOIN 3000_info_meta b on a.info_id=b.info_id   ORDER BY a.info_id dsc 

[ 2016-08-11T21:21:52+08:00 ] ::1 /tp/Home/test
INFO: [ app_init ] --START--
INFO: Run Behavior\BuildLiteBehavior [ RunTime:0.000026s ]
INFO: [ app_init ] --END-- [ RunTime:0.000530s ]
INFO: [ app_begin ] --START--
INFO: Run Behavior\ReadHtmlCacheBehavior [ RunTime:0.000657s ]
SQL: SHOW COLUMNS FROM `3000_navbar` [ RunTime:0.0074s ]
SQL: SELECT * FROM `3000_navbar` WHERE ( nav_isshow=1 ) ORDER BY nav_index  [ RunTime:0.0003s ]
INFO: Run Home\Behaviors\NavBehavior [ RunTime:0.017213s ]
NOTIC: [8] Undefined index: userin E:\wamp\www\tp\ls\Home\API\UserAPI.class.php 第 59 行.
NOTIC: [8] Trying to get property of non-object E:\wamp\www\tp\ls\Home\API\UserAPI.class.php 第 80 行.
INFO: Run Home\Behaviors\UserBehavior [ RunTime:0.001848s ]
INFO: [ app_begin ] --END-- [ RunTime:0.019975s ]
SQL: SHOW COLUMNS FROM `3000_info` [ RunTime:0.0041s ]
ERR: 1064:You have an error in your SQL syntax; check the manual that corresponds to your MySQL server version for the right syntax to use near 'dsc' at line 1
 [ SQL语句 ] : SELECT a.*,b.im_key,b.im_value FROM 3000_info a left  JOIN 3000_info_meta b on a.info_id=b.info_id   ORDER BY a.info_id dsc 
ERR: 1064:You have an error in your SQL syntax; check the manual that corresponds to your MySQL server version for the right syntax to use near 'dsc' at line 1
 [ SQL语句 ] : SELECT a.*,b.im_key,b.im_value FROM 3000_info a left  JOIN 3000_info_meta b on a.info_id=b.info_id   ORDER BY a.info_id dsc 

[ 2016-08-11T21:21:52+08:00 ] ::1 /tp/Home/test
INFO: [ app_init ] --START--
INFO: Run Behavior\BuildLiteBehavior [ RunTime:0.000027s ]
INFO: [ app_init ] --END-- [ RunTime:0.000560s ]
INFO: [ app_begin ] --START--
INFO: Run Behavior\ReadHtmlCacheBehavior [ RunTime:0.000521s ]
SQL: SHOW COLUMNS FROM `3000_navbar` [ RunTime:0.0078s ]
SQL: SELECT * FROM `3000_navbar` WHERE ( nav_isshow=1 ) ORDER BY nav_index  [ RunTime:0.0004s ]
INFO: Run Home\Behaviors\NavBehavior [ RunTime:0.017130s ]
NOTIC: [8] Undefined index: userin E:\wamp\www\tp\ls\Home\API\UserAPI.class.php 第 59 行.
NOTIC: [8] Trying to get property of non-object E:\wamp\www\tp\ls\Home\API\UserAPI.class.php 第 80 行.
INFO: Run Home\Behaviors\UserBehavior [ RunTime:0.001717s ]
INFO: [ app_begin ] --END-- [ RunTime:0.019590s ]
SQL: SHOW COLUMNS FROM `3000_info` [ RunTime:0.0043s ]
ERR: 1064:You have an error in your SQL syntax; check the manual that corresponds to your MySQL server version for the right syntax to use near 'dsc' at line 1
 [ SQL语句 ] : SELECT a.*,b.im_key,b.im_value FROM 3000_info a left  JOIN 3000_info_meta b on a.info_id=b.info_id   ORDER BY a.info_id dsc 
ERR: 1064:You have an error in your SQL syntax; check the manual that corresponds to your MySQL server version for the right syntax to use near 'dsc' at line 1
 [ SQL语句 ] : SELECT a.*,b.im_key,b.im_value FROM 3000_info a left  JOIN 3000_info_meta b on a.info_id=b.info_id   ORDER BY a.info_id dsc 

[ 2016-08-11T21:23:56+08:00 ] ::1 /tp/Home/test
INFO: [ app_init ] --START--
INFO: Run Behavior\BuildLiteBehavior [ RunTime:0.000025s ]
INFO: [ app_init ] --END-- [ RunTime:0.000629s ]
INFO: [ app_begin ] --START--
INFO: Run Behavior\ReadHtmlCacheBehavior [ RunTime:0.000614s ]
SQL: SHOW COLUMNS FROM `3000_navbar` [ RunTime:0.0051s ]
SQL: SELECT * FROM `3000_navbar` WHERE ( nav_isshow=1 ) ORDER BY nav_index  [ RunTime:0.0004s ]
INFO: Run Home\Behaviors\NavBehavior [ RunTime:0.015003s ]
NOTIC: [8] Undefined index: userin E:\wamp\www\tp\ls\Home\API\UserAPI.class.php 第 59 行.
NOTIC: [8] Trying to get property of non-object E:\wamp\www\tp\ls\Home\API\UserAPI.class.php 第 80 行.
INFO: Run Home\Behaviors\UserBehavior [ RunTime:0.002126s ]
INFO: [ app_begin ] --END-- [ RunTime:0.018053s ]
SQL: SHOW COLUMNS FROM `3000_info` [ RunTime:0.0039s ]
ERR: 1064:You have an error in your SQL syntax; check the manual that corresponds to your MySQL server version for the right syntax to use near 'dsc' at line 1
 [ SQL语句 ] : SELECT a.*,b.im_key,b.im_value FROM 3000_info a left  JOIN 3000_info_meta b on a.info_id=b.info_id   WHERE ( a.info_type=1 ) ORDER BY a.info_id dsc 
ERR: 1064:You have an error in your SQL syntax; check the manual that corresponds to your MySQL server version for the right syntax to use near 'dsc' at line 1
 [ SQL语句 ] : SELECT a.*,b.im_key,b.im_value FROM 3000_info a left  JOIN 3000_info_meta b on a.info_id=b.info_id   WHERE ( a.info_type=1 ) ORDER BY a.info_id dsc 

[ 2016-08-11T21:23:57+08:00 ] ::1 /tp/Home/test
INFO: [ app_init ] --START--
INFO: Run Behavior\BuildLiteBehavior [ RunTime:0.000025s ]
INFO: [ app_init ] --END-- [ RunTime:0.000545s ]
INFO: [ app_begin ] --START--
INFO: Run Behavior\ReadHtmlCacheBehavior [ RunTime:0.000561s ]
SQL: SHOW COLUMNS FROM `3000_navbar` [ RunTime:0.0085s ]
SQL: SELECT * FROM `3000_navbar` WHERE ( nav_isshow=1 ) ORDER BY nav_index  [ RunTime:0.0003s ]
INFO: Run Home\Behaviors\NavBehavior [ RunTime:0.017133s ]
NOTIC: [8] Undefined index: userin E:\wamp\www\tp\ls\Home\API\UserAPI.class.php 第 59 行.
NOTIC: [8] Trying to get property of non-object E:\wamp\www\tp\ls\Home\API\UserAPI.class.php 第 80 行.
INFO: Run Home\Behaviors\UserBehavior [ RunTime:0.001654s ]
INFO: [ app_begin ] --END-- [ RunTime:0.019598s ]
SQL: SHOW COLUMNS FROM `3000_info` [ RunTime:0.0042s ]
ERR: 1064:You have an error in your SQL syntax; check the manual that corresponds to your MySQL server version for the right syntax to use near 'dsc' at line 1
 [ SQL语句 ] : SELECT a.*,b.im_key,b.im_value FROM 3000_info a left  JOIN 3000_info_meta b on a.info_id=b.info_id   WHERE ( a.info_type=1 ) ORDER BY a.info_id dsc 
ERR: 1064:You have an error in your SQL syntax; check the manual that corresponds to your MySQL server version for the right syntax to use near 'dsc' at line 1
 [ SQL语句 ] : SELECT a.*,b.im_key,b.im_value FROM 3000_info a left  JOIN 3000_info_meta b on a.info_id=b.info_id   WHERE ( a.info_type=1 ) ORDER BY a.info_id dsc 

[ 2016-08-11T21:24:06+08:00 ] ::1 /tp/Home/test
INFO: [ app_init ] --START--
INFO: Run Behavior\BuildLiteBehavior [ RunTime:0.000035s ]
INFO: [ app_init ] --END-- [ RunTime:0.000571s ]
INFO: [ app_begin ] --START--
INFO: Run Behavior\ReadHtmlCacheBehavior [ RunTime:0.000741s ]
SQL: SHOW COLUMNS FROM `3000_navbar` [ RunTime:0.0074s ]
SQL: SELECT * FROM `3000_navbar` WHERE ( nav_isshow=1 ) ORDER BY nav_index  [ RunTime:0.0003s ]
INFO: Run Home\Behaviors\NavBehavior [ RunTime:0.016320s ]
NOTIC: [8] Undefined index: userin E:\wamp\www\tp\ls\Home\API\UserAPI.class.php 第 59 行.
NOTIC: [8] Trying to get property of non-object E:\wamp\www\tp\ls\Home\API\UserAPI.class.php 第 80 行.
INFO: Run Home\Behaviors\UserBehavior [ RunTime:0.001860s ]
INFO: [ app_begin ] --END-- [ RunTime:0.019232s ]
SQL: SHOW COLUMNS FROM `3000_info` [ RunTime:0.0042s ]
SQL: SELECT a.*,b.im_key,b.im_value FROM 3000_info a left  JOIN 3000_info_meta b on a.info_id=b.info_id   WHERE ( a.info_type=1 )  [ RunTime:0.0003s ]
NOTIC: [8] Array to string conversion E:\wamp\www\tp\ls\Home\Controller\TempController.class.php 第 10 行.
INFO: [ app_end ] --START--
INFO: Run Behavior\ShowPageTraceBehavior [ RunTime:0.000707s ]
INFO: [ app_end ] --END-- [ RunTime:0.000815s ]

[ 2016-08-11T21:24:06+08:00 ] ::1 /tp/Home/test
INFO: [ app_init ] --START--
INFO: Run Behavior\BuildLiteBehavior [ RunTime:0.000025s ]
INFO: [ app_init ] --END-- [ RunTime:0.000523s ]
INFO: [ app_begin ] --START--
INFO: Run Behavior\ReadHtmlCacheBehavior [ RunTime:0.000864s ]
SQL: SHOW COLUMNS FROM `3000_navbar` [ RunTime:0.0093s ]
SQL: SELECT * FROM `3000_navbar` WHERE ( nav_isshow=1 ) ORDER BY nav_index  [ RunTime:0.0003s ]
INFO: Run Home\Behaviors\NavBehavior [ RunTime:0.017998s ]
NOTIC: [8] Undefined index: userin E:\wamp\www\tp\ls\Home\API\UserAPI.class.php 第 59 行.
NOTIC: [8] Trying to get property of non-object E:\wamp\www\tp\ls\Home\API\UserAPI.class.php 第 80 行.
INFO: Run Home\Behaviors\UserBehavior [ RunTime:0.001652s ]
INFO: [ app_begin ] --END-- [ RunTime:0.020780s ]
SQL: SHOW COLUMNS FROM `3000_info` [ RunTime:0.0039s ]
SQL: SELECT a.*,b.im_key,b.im_value FROM 3000_info a left  JOIN 3000_info_meta b on a.info_id=b.info_id   WHERE ( a.info_type=1 )  [ RunTime:0.0003s ]
NOTIC: [8] Array to string conversion E:\wamp\www\tp\ls\Home\Controller\TempController.class.php 第 10 行.
INFO: [ app_end ] --START--
INFO: Run Behavior\ShowPageTraceBehavior [ RunTime:0.000589s ]
INFO: [ app_end ] --END-- [ RunTime:0.000694s ]

[ 2016-08-11T21:24:16+08:00 ] ::1 /tp/Home/test
INFO: [ app_init ] --START--
INFO: Run Behavior\BuildLiteBehavior [ RunTime:0.000048s ]
INFO: [ app_init ] --END-- [ RunTime:0.000669s ]
INFO: [ app_begin ] --START--
INFO: Run Behavior\ReadHtmlCacheBehavior [ RunTime:0.000640s ]
SQL: SHOW COLUMNS FROM `3000_navbar` [ RunTime:0.0083s ]
SQL: SELECT * FROM `3000_navbar` WHERE ( nav_isshow=1 ) ORDER BY nav_index  [ RunTime:0.0003s ]
INFO: Run Home\Behaviors\NavBehavior [ RunTime:0.018572s ]
NOTIC: [8] Undefined index: userin E:\wamp\www\tp\ls\Home\API\UserAPI.class.php 第 59 行.
NOTIC: [8] Trying to get property of non-object E:\wamp\www\tp\ls\Home\API\UserAPI.class.php 第 80 行.
INFO: Run Home\Behaviors\UserBehavior [ RunTime:0.001668s ]
INFO: [ app_begin ] --END-- [ RunTime:0.021203s ]
SQL: SHOW COLUMNS FROM `3000_info` [ RunTime:0.0052s ]
SQL: SELECT a.*,b.im_key,b.im_value FROM 3000_info a left  JOIN 3000_info_meta b on a.info_id=b.info_id   WHERE ( a.info_type=1 ) ORDER BY a.info_id desc  [ RunTime:0.0037s ]
NOTIC: [8] Array to string conversion E:\wamp\www\tp\ls\Home\Controller\TempController.class.php 第 10 行.
INFO: [ app_end ] --START--
INFO: Run Behavior\ShowPageTraceBehavior [ RunTime:0.000705s ]
INFO: [ app_end ] --END-- [ RunTime:0.000854s ]

[ 2016-08-11T21:24:17+08:00 ] ::1 /tp/Home/test
INFO: [ app_init ] --START--
INFO: Run Behavior\BuildLiteBehavior [ RunTime:0.000026s ]
INFO: [ app_init ] --END-- [ RunTime:0.000532s ]
INFO: [ app_begin ] --START--
INFO: Run Behavior\ReadHtmlCacheBehavior [ RunTime:0.000548s ]
SQL: SHOW COLUMNS FROM `3000_navbar` [ RunTime:0.0055s ]
SQL: SELECT * FROM `3000_navbar` WHERE ( nav_isshow=1 ) ORDER BY nav_index  [ RunTime:0.0004s ]
INFO: Run Home\Behaviors\NavBehavior [ RunTime:0.014172s ]
NOTIC: [8] Undefined index: userin E:\wamp\www\tp\ls\Home\API\UserAPI.class.php 第 59 行.
NOTIC: [8] Trying to get property of non-object E:\wamp\www\tp\ls\Home\API\UserAPI.class.php 第 80 行.
INFO: Run Home\Behaviors\UserBehavior [ RunTime:0.001865s ]
INFO: [ app_begin ] --END-- [ RunTime:0.016852s ]
SQL: SHOW COLUMNS FROM `3000_info` [ RunTime:0.0049s ]
SQL: SELECT a.*,b.im_key,b.im_value FROM 3000_info a left  JOIN 3000_info_meta b on a.info_id=b.info_id   WHERE ( a.info_type=1 ) ORDER BY a.info_id desc  [ RunTime:0.0038s ]
NOTIC: [8] Array to string conversion E:\wamp\www\tp\ls\Home\Controller\TempController.class.php 第 10 行.
INFO: [ app_end ] --START--
INFO: Run Behavior\ShowPageTraceBehavior [ RunTime:0.000681s ]
INFO: [ app_end ] --END-- [ RunTime:0.000792s ]

[ 2016-08-11T21:24:17+08:00 ] ::1 /tp/Home/test
INFO: [ app_init ] --START--
INFO: Run Behavior\BuildLiteBehavior [ RunTime:0.000027s ]
INFO: [ app_init ] --END-- [ RunTime:0.000580s ]
INFO: [ app_begin ] --START--
INFO: Run Behavior\ReadHtmlCacheBehavior [ RunTime:0.000557s ]
SQL: SHOW COLUMNS FROM `3000_navbar` [ RunTime:0.0045s ]
SQL: SELECT * FROM `3000_navbar` WHERE ( nav_isshow=1 ) ORDER BY nav_index  [ RunTime:0.0004s ]
INFO: Run Home\Behaviors\NavBehavior [ RunTime:0.014089s ]
NOTIC: [8] Undefined index: userin E:\wamp\www\tp\ls\Home\API\UserAPI.class.php 第 59 行.
NOTIC: [8] Trying to get property of non-object E:\wamp\www\tp\ls\Home\API\UserAPI.class.php 第 80 行.
INFO: Run Home\Behaviors\UserBehavior [ RunTime:0.002073s ]
INFO: [ app_begin ] --END-- [ RunTime:0.017040s ]
SQL: SHOW COLUMNS FROM `3000_info` [ RunTime:0.0045s ]
SQL: SELECT a.*,b.im_key,b.im_value FROM 3000_info a left  JOIN 3000_info_meta b on a.info_id=b.info_id   WHERE ( a.info_type=1 ) ORDER BY a.info_id desc  [ RunTime:0.0042s ]
NOTIC: [8] Array to string conversion E:\wamp\www\tp\ls\Home\Controller\TempController.class.php 第 10 行.
INFO: [ app_end ] --START--
INFO: Run Behavior\ShowPageTraceBehavior [ RunTime:0.000753s ]
INFO: [ app_end ] --END-- [ RunTime:0.000881s ]

[ 2016-08-11T21:24:17+08:00 ] ::1 /tp/Home/test
INFO: [ app_init ] --START--
INFO: Run Behavior\BuildLiteBehavior [ RunTime:0.000026s ]
INFO: [ app_init ] --END-- [ RunTime:0.000511s ]
INFO: [ app_begin ] --START--
INFO: Run Behavior\ReadHtmlCacheBehavior [ RunTime:0.000439s ]
SQL: SHOW COLUMNS FROM `3000_navbar` [ RunTime:0.0046s ]
SQL: SELECT * FROM `3000_navbar` WHERE ( nav_isshow=1 ) ORDER BY nav_index  [ RunTime:0.0002s ]
INFO: Run Home\Behaviors\NavBehavior [ RunTime:0.012667s ]
NOTIC: [8] Undefined index: userin E:\wamp\www\tp\ls\Home\API\UserAPI.class.php 第 59 行.
NOTIC: [8] Trying to get property of non-object E:\wamp\www\tp\ls\Home\API\UserAPI.class.php 第 80 行.
INFO: Run Home\Behaviors\UserBehavior [ RunTime:0.002135s ]
INFO: [ app_begin ] --END-- [ RunTime:0.015533s ]
SQL: SHOW COLUMNS FROM `3000_info` [ RunTime:0.0048s ]
SQL: SELECT a.*,b.im_key,b.im_value FROM 3000_info a left  JOIN 3000_info_meta b on a.info_id=b.info_id   WHERE ( a.info_type=1 ) ORDER BY a.info_id desc  [ RunTime:0.0039s ]
NOTIC: [8] Array to string conversion E:\wamp\www\tp\ls\Home\Controller\TempController.class.php 第 10 行.
INFO: [ app_end ] --START--
INFO: Run Behavior\ShowPageTraceBehavior [ RunTime:0.000767s ]
INFO: [ app_end ] --END-- [ RunTime:0.000898s ]

[ 2016-08-11T21:24:47+08:00 ] ::1 /tp/Home/test
INFO: [ app_init ] --START--
INFO: Run Behavior\BuildLiteBehavior [ RunTime:0.000049s ]
INFO: [ app_init ] --END-- [ RunTime:0.000654s ]
INFO: [ app_begin ] --START--
INFO: Run Behavior\ReadHtmlCacheBehavior [ RunTime:0.000606s ]
SQL: SHOW COLUMNS FROM `3000_navbar` [ RunTime:0.0092s ]
SQL: SELECT * FROM `3000_navbar` WHERE ( nav_isshow=1 ) ORDER BY nav_index  [ RunTime:0.0003s ]
INFO: Run Home\Behaviors\NavBehavior [ RunTime:0.019108s ]
NOTIC: [8] Undefined index: userin E:\wamp\www\tp\ls\Home\API\UserAPI.class.php 第 59 行.
NOTIC: [8] Trying to get property of non-object E:\wamp\www\tp\ls\Home\API\UserAPI.class.php 第 80 行.
INFO: Run Home\Behaviors\UserBehavior [ RunTime:0.001734s ]
INFO: [ app_begin ] --END-- [ RunTime:0.021762s ]
SQL: SHOW COLUMNS FROM `3000_info` [ RunTime:0.0044s ]
SQL: SELECT a.*,b.im_key,b.im_value FROM 3000_info a left  JOIN 3000_info_meta b on a.info_id=b.info_id   WHERE ( a.info_type=1 ) ORDER BY a.info_id desc  [ RunTime:0.0038s ]
INFO: [ app_end ] --START--
INFO: Run Behavior\ShowPageTraceBehavior [ RunTime:0.000637s ]
INFO: [ app_end ] --END-- [ RunTime:0.000763s ]

[ 2016-08-11T21:24:49+08:00 ] ::1 /tp/Home/test
INFO: [ app_init ] --START--
INFO: Run Behavior\BuildLiteBehavior [ RunTime:0.000044s ]
INFO: [ app_init ] --END-- [ RunTime:0.000649s ]
INFO: [ app_begin ] --START--
INFO: Run Behavior\ReadHtmlCacheBehavior [ RunTime:0.000492s ]
SQL: SHOW COLUMNS FROM `3000_navbar` [ RunTime:0.0036s ]
SQL: SELECT * FROM `3000_navbar` WHERE ( nav_isshow=1 ) ORDER BY nav_index  [ RunTime:0.0003s ]
INFO: Run Home\Behaviors\NavBehavior [ RunTime:0.015316s ]
NOTIC: [8] Undefined index: userin E:\wamp\www\tp\ls\Home\API\UserAPI.class.php 第 59 行.
NOTIC: [8] Trying to get property of non-object E:\wamp\www\tp\ls\Home\API\UserAPI.class.php 第 80 行.
INFO: Run Home\Behaviors\UserBehavior [ RunTime:0.003040s ]
INFO: [ app_begin ] --END-- [ RunTime:0.019078s ]
SQL: SHOW COLUMNS FROM `3000_info` [ RunTime:0.0047s ]
SQL: SELECT a.*,b.im_key,b.im_value FROM 3000_info a left  JOIN 3000_info_meta b on a.info_id=b.info_id   WHERE ( a.info_type=1 ) ORDER BY a.info_id desc  [ RunTime:0.0036s ]
INFO: [ app_end ] --START--
INFO: Run Behavior\ShowPageTraceBehavior [ RunTime:0.000532s ]
INFO: [ app_end ] --END-- [ RunTime:0.000642s ]

[ 2016-08-11T21:25:21+08:00 ] ::1 /tp/Home/test
INFO: [ app_init ] --START--
INFO: Run Behavior\BuildLiteBehavior [ RunTime:0.000051s ]
INFO: [ app_init ] --END-- [ RunTime:0.000609s ]
INFO: [ app_begin ] --START--
INFO: Run Behavior\ReadHtmlCacheBehavior [ RunTime:0.000464s ]
SQL: SHOW COLUMNS FROM `3000_navbar` [ RunTime:0.0080s ]
SQL: SELECT * FROM `3000_navbar` WHERE ( nav_isshow=1 ) ORDER BY nav_index  [ RunTime:0.0004s ]
INFO: Run Home\Behaviors\NavBehavior [ RunTime:0.016885s ]
NOTIC: [8] Undefined index: userin E:\wamp\www\tp\ls\Home\API\UserAPI.class.php 第 59 行.
NOTIC: [8] Trying to get property of non-object E:\wamp\www\tp\ls\Home\API\UserAPI.class.php 第 80 行.
INFO: Run Home\Behaviors\UserBehavior [ RunTime:0.001823s ]
INFO: [ app_begin ] --END-- [ RunTime:0.019430s ]
SQL: SHOW COLUMNS FROM `3000_info` [ RunTime:0.0043s ]
SQL: SELECT a.*,b.im_key,b.im_value FROM 3000_info a left  JOIN 3000_info_meta b on a.info_id=b.info_id   WHERE ( a.info_type=1 ) ORDER BY a.info_id desc  [ RunTime:0.0045s ]
INFO: [ app_end ] --START--
INFO: Run Behavior\ShowPageTraceBehavior [ RunTime:0.000703s ]
INFO: [ app_end ] --END-- [ RunTime:0.000813s ]

[ 2016-08-11T21:26:13+08:00 ] ::1 /tp/Home/test
INFO: [ app_init ] --START--
INFO: Run Behavior\BuildLiteBehavior [ RunTime:0.000025s ]
INFO: [ app_init ] --END-- [ RunTime:0.000537s ]
INFO: [ app_begin ] --START--
INFO: Run Behavior\ReadHtmlCacheBehavior [ RunTime:0.000937s ]
SQL: SHOW COLUMNS FROM `3000_navbar` [ RunTime:0.0096s ]
SQL: SELECT * FROM `3000_navbar` WHERE ( nav_isshow=1 ) ORDER BY nav_index  [ RunTime:0.0004s ]
INFO: Run Home\Behaviors\NavBehavior [ RunTime:0.019295s ]
NOTIC: [8] Undefined index: userin E:\wamp\www\tp\ls\Home\API\UserAPI.class.php 第 59 行.
NOTIC: [8] Trying to get property of non-object E:\wamp\www\tp\ls\Home\API\UserAPI.class.php 第 80 行.
INFO: Run Home\Behaviors\UserBehavior [ RunTime:0.002324s ]
INFO: [ app_begin ] --END-- [ RunTime:0.022886s ]
SQL: SHOW COLUMNS FROM `3000_info` [ RunTime:0.0053s ]
SQL: SELECT a.*,b.im_key,b.im_value FROM 3000_info a left  JOIN 3000_info_meta b on a.info_id=b.info_id   WHERE ( a.info_type=1 ) ORDER BY a.info_id desc  [ RunTime:0.0043s ]
INFO: [ app_end ] --START--
INFO: Run Behavior\ShowPageTraceBehavior [ RunTime:0.000685s ]
INFO: [ app_end ] --END-- [ RunTime:0.000797s ]

[ 2016-08-11T21:26:14+08:00 ] ::1 /tp/Home/test
INFO: [ app_init ] --START--
INFO: Run Behavior\BuildLiteBehavior [ RunTime:0.000043s ]
INFO: [ app_init ] --END-- [ RunTime:0.000749s ]
INFO: [ app_begin ] --START--
INFO: Run Behavior\ReadHtmlCacheBehavior [ RunTime:0.000520s ]
SQL: SHOW COLUMNS FROM `3000_navbar` [ RunTime:0.0077s ]
SQL: SELECT * FROM `3000_navbar` WHERE ( nav_isshow=1 ) ORDER BY nav_index  [ RunTime:0.0003s ]
INFO: Run Home\Behaviors\NavBehavior [ RunTime:0.018188s ]
NOTIC: [8] Undefined index: userin E:\wamp\www\tp\ls\Home\API\UserAPI.class.php 第 59 行.
NOTIC: [8] Trying to get property of non-object E:\wamp\www\tp\ls\Home\API\UserAPI.class.php 第 80 行.
INFO: Run Home\Behaviors\UserBehavior [ RunTime:0.002269s ]
INFO: [ app_begin ] --END-- [ RunTime:0.021335s ]
SQL: SHOW COLUMNS FROM `3000_info` [ RunTime:0.0035s ]
SQL: SELECT a.*,b.im_key,b.im_value FROM 3000_info a left  JOIN 3000_info_meta b on a.info_id=b.info_id   WHERE ( a.info_type=1 ) ORDER BY a.info_id desc  [ RunTime:0.0063s ]
INFO: [ app_end ] --START--
INFO: Run Behavior\ShowPageTraceBehavior [ RunTime:0.000886s ]
INFO: [ app_end ] --END-- [ RunTime:0.001225s ]

[ 2016-08-11T21:26:14+08:00 ] ::1 /tp/Home/test
INFO: [ app_init ] --START--
INFO: Run Behavior\BuildLiteBehavior [ RunTime:0.000024s ]
INFO: [ app_init ] --END-- [ RunTime:0.000515s ]
INFO: [ app_begin ] --START--
INFO: Run Behavior\ReadHtmlCacheBehavior [ RunTime:0.000527s ]
SQL: SHOW COLUMNS FROM `3000_navbar` [ RunTime:0.0053s ]
SQL: SELECT * FROM `3000_navbar` WHERE ( nav_isshow=1 ) ORDER BY nav_index  [ RunTime:0.0003s ]
INFO: Run Home\Behaviors\NavBehavior [ RunTime:0.014119s ]
NOTIC: [8] Undefined index: userin E:\wamp\www\tp\ls\Home\API\UserAPI.class.php 第 59 行.
NOTIC: [8] Trying to get property of non-object E:\wamp\www\tp\ls\Home\API\UserAPI.class.php 第 80 行.
INFO: Run Home\Behaviors\UserBehavior [ RunTime:0.001704s ]
INFO: [ app_begin ] --END-- [ RunTime:0.016590s ]
SQL: SHOW COLUMNS FROM `3000_info` [ RunTime:0.0041s ]
SQL: SELECT a.*,b.im_key,b.im_value FROM 3000_info a left  JOIN 3000_info_meta b on a.info_id=b.info_id   WHERE ( a.info_type=1 ) ORDER BY a.info_id desc  [ RunTime:0.0039s ]
INFO: [ app_end ] --START--
INFO: Run Behavior\ShowPageTraceBehavior [ RunTime:0.000838s ]
INFO: [ app_end ] --END-- [ RunTime:0.001035s ]

[ 2016-08-11T21:26:16+08:00 ] ::1 /tp/Home/test
INFO: [ app_init ] --START--
INFO: Run Behavior\BuildLiteBehavior [ RunTime:0.000050s ]
INFO: [ app_init ] --END-- [ RunTime:0.000771s ]
INFO: [ app_begin ] --START--
INFO: Run Behavior\ReadHtmlCacheBehavior [ RunTime:0.000567s ]
SQL: SHOW COLUMNS FROM `3000_navbar` [ RunTime:0.0081s ]
SQL: SELECT * FROM `3000_navbar` WHERE ( nav_isshow=1 ) ORDER BY nav_index  [ RunTime:0.0003s ]
INFO: Run Home\Behaviors\NavBehavior [ RunTime:0.018423s ]
NOTIC: [8] Undefined index: userin E:\wamp\www\tp\ls\Home\API\UserAPI.class.php 第 59 行.
NOTIC: [8] Trying to get property of non-object E:\wamp\www\tp\ls\Home\API\UserAPI.class.php 第 80 行.
INFO: Run Home\Behaviors\UserBehavior [ RunTime:0.001484s ]
INFO: [ app_begin ] --END-- [ RunTime:0.020709s ]
SQL: SHOW COLUMNS FROM `3000_info` [ RunTime:0.0057s ]
SQL: SELECT a.*,b.im_key,b.im_value FROM 3000_info a left  JOIN 3000_info_meta b on a.info_id=b.info_id   WHERE ( a.info_type=1 ) ORDER BY a.info_id desc  [ RunTime:0.0038s ]
INFO: [ app_end ] --START--
INFO: Run Behavior\ShowPageTraceBehavior [ RunTime:0.000642s ]
INFO: [ app_end ] --END-- [ RunTime:0.000767s ]

[ 2016-08-11T21:29:14+08:00 ] ::1 /tp/Home/test
INFO: [ app_init ] --START--
INFO: Run Behavior\BuildLiteBehavior [ RunTime:0.000029s ]
INFO: [ app_init ] --END-- [ RunTime:0.000736s ]
INFO: [ app_begin ] --START--
INFO: Run Behavior\ReadHtmlCacheBehavior [ RunTime:0.000847s ]
SQL: SHOW COLUMNS FROM `3000_navbar` [ RunTime:0.0041s ]
SQL: SELECT * FROM `3000_navbar` WHERE ( nav_isshow=1 ) ORDER BY nav_index  [ RunTime:0.0003s ]
INFO: Run Home\Behaviors\NavBehavior [ RunTime:0.013385s ]
NOTIC: [8] Undefined index: userin E:\wamp\www\tp\ls\Home\API\UserAPI.class.php 第 59 行.
NOTIC: [8] Trying to get property of non-object E:\wamp\www\tp\ls\Home\API\UserAPI.class.php 第 80 行.
INFO: Run Home\Behaviors\UserBehavior [ RunTime:0.001832s ]
INFO: [ app_begin ] --END-- [ RunTime:0.016373s ]
SQL: SHOW COLUMNS FROM `3000_info` [ RunTime:0.0035s ]
SQL: SELECT * FROM 3000_info a left  JOIN 3000_info_meta b on a.info_id=b.info_id   WHERE ( a.info_type=1 ) ORDER BY a.info_id desc  [ RunTime:0.0032s ]
INFO: [ app_end ] --START--
INFO: Run Behavior\ShowPageTraceBehavior [ RunTime:0.000677s ]
INFO: [ app_end ] --END-- [ RunTime:0.000785s ]

[ 2016-08-11T21:29:15+08:00 ] ::1 /tp/Home/test
INFO: [ app_init ] --START--
INFO: Run Behavior\BuildLiteBehavior [ RunTime:0.000026s ]
INFO: [ app_init ] --END-- [ RunTime:0.000789s ]
INFO: [ app_begin ] --START--
INFO: Run Behavior\ReadHtmlCacheBehavior [ RunTime:0.000578s ]
SQL: SHOW COLUMNS FROM `3000_navbar` [ RunTime:0.0056s ]
SQL: SELECT * FROM `3000_navbar` WHERE ( nav_isshow=1 ) ORDER BY nav_index  [ RunTime:0.0003s ]
INFO: Run Home\Behaviors\NavBehavior [ RunTime:0.013701s ]
NOTIC: [8] Undefined index: userin E:\wamp\www\tp\ls\Home\API\UserAPI.class.php 第 59 行.
NOTIC: [8] Trying to get property of non-object E:\wamp\www\tp\ls\Home\API\UserAPI.class.php 第 80 行.
INFO: Run Home\Behaviors\UserBehavior [ RunTime:0.001749s ]
INFO: [ app_begin ] --END-- [ RunTime:0.016258s ]
SQL: SHOW COLUMNS FROM `3000_info` [ RunTime:0.0041s ]
SQL: SELECT * FROM 3000_info a left  JOIN 3000_info_meta b on a.info_id=b.info_id   WHERE ( a.info_type=1 ) ORDER BY a.info_id desc  [ RunTime:0.0038s ]
INFO: [ app_end ] --START--
INFO: Run Behavior\ShowPageTraceBehavior [ RunTime:0.000822s ]
INFO: [ app_end ] --END-- [ RunTime:0.000943s ]

[ 2016-08-11T21:29:16+08:00 ] ::1 /tp/Home/test
INFO: [ app_init ] --START--
INFO: Run Behavior\BuildLiteBehavior [ RunTime:0.000025s ]
INFO: [ app_init ] --END-- [ RunTime:0.000511s ]
INFO: [ app_begin ] --START--
INFO: Run Behavior\ReadHtmlCacheBehavior [ RunTime:0.000567s ]
SQL: SHOW COLUMNS FROM `3000_navbar` [ RunTime:0.0065s ]
SQL: SELECT * FROM `3000_navbar` WHERE ( nav_isshow=1 ) ORDER BY nav_index  [ RunTime:0.0004s ]
INFO: Run Home\Behaviors\NavBehavior [ RunTime:0.016738s ]
NOTIC: [8] Undefined index: userin E:\wamp\www\tp\ls\Home\API\UserAPI.class.php 第 59 行.
NOTIC: [8] Trying to get property of non-object E:\wamp\www\tp\ls\Home\API\UserAPI.class.php 第 80 行.
INFO: Run Home\Behaviors\UserBehavior [ RunTime:0.001623s ]
INFO: [ app_begin ] --END-- [ RunTime:0.019155s ]
SQL: SHOW COLUMNS FROM `3000_info` [ RunTime:0.0044s ]
SQL: SELECT * FROM 3000_info a left  JOIN 3000_info_meta b on a.info_id=b.info_id   WHERE ( a.info_type=1 ) ORDER BY a.info_id desc  [ RunTime:0.0043s ]
INFO: [ app_end ] --START--
INFO: Run Behavior\ShowPageTraceBehavior [ RunTime:0.000647s ]
INFO: [ app_end ] --END-- [ RunTime:0.000769s ]

[ 2016-08-11T21:29:29+08:00 ] ::1 /tp/Home/test
INFO: [ app_init ] --START--
INFO: Run Behavior\BuildLiteBehavior [ RunTime:0.000026s ]
INFO: [ app_init ] --END-- [ RunTime:0.000646s ]
INFO: [ app_begin ] --START--
INFO: Run Behavior\ReadHtmlCacheBehavior [ RunTime:0.000544s ]
SQL: SHOW COLUMNS FROM `3000_navbar` [ RunTime:0.0075s ]
SQL: SELECT * FROM `3000_navbar` WHERE ( nav_isshow=1 ) ORDER BY nav_index  [ RunTime:0.0003s ]
INFO: Run Home\Behaviors\NavBehavior [ RunTime:0.015844s ]
NOTIC: [8] Undefined index: userin E:\wamp\www\tp\ls\Home\API\UserAPI.class.php 第 59 行.
NOTIC: [8] Trying to get property of non-object E:\wamp\www\tp\ls\Home\API\UserAPI.class.php 第 80 行.
INFO: Run Home\Behaviors\UserBehavior [ RunTime:0.001685s ]
INFO: [ app_begin ] --END-- [ RunTime:0.018295s ]
SQL: SHOW COLUMNS FROM `3000_info` [ RunTime:0.0041s ]
SQL: SELECT a.*,b.im_key,b.im_value FROM 3000_info a left  JOIN 3000_info_meta b on a.info_id=b.info_id   WHERE ( a.info_type=1 ) ORDER BY a.info_id desc  [ RunTime:0.0034s ]
INFO: [ app_end ] --START--
INFO: Run Behavior\ShowPageTraceBehavior [ RunTime:0.000734s ]
INFO: [ app_end ] --END-- [ RunTime:0.000897s ]

[ 2016-08-11T21:35:48+08:00 ] ::1 /tp/Home/test
INFO: [ app_init ] --START--
INFO: Run Behavior\BuildLiteBehavior [ RunTime:0.000026s ]
INFO: [ app_init ] --END-- [ RunTime:0.000970s ]
INFO: [ app_begin ] --START--
INFO: Run Behavior\ReadHtmlCacheBehavior [ RunTime:0.000591s ]
SQL: SHOW COLUMNS FROM `3000_navbar` [ RunTime:0.0076s ]
SQL: SELECT * FROM `3000_navbar` WHERE ( nav_isshow=1 ) ORDER BY nav_index  [ RunTime:0.0003s ]
INFO: Run Home\Behaviors\NavBehavior [ RunTime:0.016749s ]
NOTIC: [8] Undefined index: userin E:\wamp\www\tp\ls\Home\API\UserAPI.class.php 第 59 行.
NOTIC: [8] Trying to get property of non-object E:\wamp\www\tp\ls\Home\API\UserAPI.class.php 第 80 行.
INFO: Run Home\Behaviors\UserBehavior [ RunTime:0.001836s ]
INFO: [ app_begin ] --END-- [ RunTime:0.019433s ]
SQL: SHOW COLUMNS FROM `3000_info` [ RunTime:0.0037s ]
SQL: SELECT a.*,b.im_key,b.im_value FROM 3000_info a left  JOIN 3000_info_meta b on a.info_id=b.info_id   WHERE ( a.info_type=1 ) ORDER BY a.info_id desc  [ RunTime:0.0038s ]
INFO: [ app_end ] --START--
INFO: Run Behavior\ShowPageTraceBehavior [ RunTime:0.000745s ]
INFO: [ app_end ] --END-- [ RunTime:0.000871s ]

