[ 2016-08-18T20:24:43+08:00 ] ::1 /tp/Home/login
INFO: [ app_init ] --START--
INFO: Run Behavior\BuildLiteBehavior [ RunTime:0.000026s ]
INFO: [ app_init ] --END-- [ RunTime:0.004835s ]
INFO: [ app_begin ] --START--
INFO: Run Behavior\ReadHtmlCacheBehavior [ RunTime:0.000699s ]
SQL: SHOW COLUMNS FROM `3000_navbar` [ RunTime:0.1632s ]
SQL: SELECT * FROM `3000_navbar` WHERE ( nav_isshow=1 ) ORDER BY nav_index  [ RunTime:0.1412s ]
INFO: Run Home\Behaviors\NavBehavior [ RunTime:0.591331s ]
NOTIC: [8] Undefined index: userin E:\wamp\www\tp\ls\Home\API\UserAPI.class.php 第 59 行.
NOTIC: [8] Trying to get property of non-object E:\wamp\www\tp\ls\Home\API\UserAPI.class.php 第 80 行.
INFO: Run Home\Behaviors\UserBehavior [ RunTime:0.002148s ]
INFO: [ app_begin ] --END-- [ RunTime:0.594447s ]
INFO: [ view_parse ] --START--
INFO: [ template_filter ] --START--
INFO: Run Behavior\ContentReplaceBehavior [ RunTime:0.041437s ]
INFO: [ template_filter ] --END-- [ RunTime:0.041625s ]
SQL: SELECT * FROM `3000_navbar` WHERE ( nav_isshow=1 ) ORDER BY nav_index  [ RunTime:0.0003s ]
SQL: SELECT * FROM `3000_navbar` WHERE ( nav_isshow=1 ) ORDER BY nav_index  [ RunTime:0.0002s ]
NOTIC: [8] Undefined variable: user_login E:\wamp\www\tp\ls\Runtime\Cache\Home\0eed40ea8e256953b800969e2c847250.php 第 48 行.
NOTIC: [8] Undefined variable: errorinfo E:\wamp\www\tp\ls\Runtime\Cache\Home\0eed40ea8e256953b800969e2c847250.php 第 87 行.
INFO: Run Behavior\ParseTemplateBehavior [ RunTime:0.124642s ]
INFO: [ view_parse ] --END-- [ RunTime:0.124753s ]
INFO: [ view_filter ] --START--
INFO: Run Behavior\WriteHtmlCacheBehavior [ RunTime:0.000536s ]
INFO: [ view_filter ] --END-- [ RunTime:0.000630s ]
INFO: [ app_end ] --START--
INFO: Run Behavior\ShowPageTraceBehavior [ RunTime:0.000661s ]
INFO: [ app_end ] --END-- [ RunTime:0.000765s ]

[ 2016-08-18T20:24:43+08:00 ] ::1 /tp/Home/temp/verify
INFO: [ app_init ] --START--
INFO: Run Behavior\BuildLiteBehavior [ RunTime:0.000042s ]
INFO: [ app_init ] --END-- [ RunTime:0.000696s ]
INFO: [ app_begin ] --START--
INFO: Run Behavior\ReadHtmlCacheBehavior [ RunTime:0.000783s ]
SQL: SHOW COLUMNS FROM `3000_navbar` [ RunTime:0.0035s ]
SQL: SELECT * FROM `3000_navbar` WHERE ( nav_isshow=1 ) ORDER BY nav_index  [ RunTime:0.0003s ]
INFO: Run Home\Behaviors\NavBehavior [ RunTime:0.014600s ]
NOTIC: [8] Undefined index: userin E:\wamp\www\tp\ls\Home\API\UserAPI.class.php 第 59 行.
NOTIC: [8] Trying to get property of non-object E:\wamp\www\tp\ls\Home\API\UserAPI.class.php 第 80 行.
INFO: Run Home\Behaviors\UserBehavior [ RunTime:0.001873s ]
INFO: [ app_begin ] --END-- [ RunTime:0.017557s ]
INFO: [ app_end ] --START--
INFO: Run Behavior\ShowPageTraceBehavior [ RunTime:0.001255s ]
INFO: [ app_end ] --END-- [ RunTime:0.001509s ]

[ 2016-08-18T20:24:51+08:00 ] ::1 /tp/Home/info/detail?pid=14
INFO: [ app_init ] --START--
INFO: Run Behavior\BuildLiteBehavior [ RunTime:0.000026s ]
INFO: [ app_init ] --END-- [ RunTime:0.000800s ]
INFO: [ app_begin ] --START--
INFO: Run Behavior\ReadHtmlCacheBehavior [ RunTime:0.000610s ]
SQL: SHOW COLUMNS FROM `3000_navbar` [ RunTime:0.0037s ]
SQL: SELECT * FROM `3000_navbar` WHERE ( nav_isshow=1 ) ORDER BY nav_index  [ RunTime:0.0003s ]
INFO: Run Home\Behaviors\NavBehavior [ RunTime:0.012337s ]
NOTIC: [8] Undefined index: userin E:\wamp\www\tp\ls\Home\API\UserAPI.class.php 第 59 行.
NOTIC: [8] Trying to get property of non-object E:\wamp\www\tp\ls\Home\API\UserAPI.class.php 第 80 行.
INFO: Run Home\Behaviors\UserBehavior [ RunTime:0.001908s ]
INFO: [ app_begin ] --END-- [ RunTime:0.015150s ]
SQL: SHOW COLUMNS FROM `3000_info` [ RunTime:0.0463s ]
SQL: SELECT COUNT(*) AS tp_count FROM `3000_info` WHERE ( info_id=14 and info_type=2 ) LIMIT 1   [ RunTime:0.1072s ]
SQL: SELECT * FROM `3000_info` WHERE ( info_id=14 and info_type=2 ) ORDER BY info_id LIMIT 0,2   [ RunTime:0.0003s ]
SQL: SHOW COLUMNS FROM `3000_info_meta` [ RunTime:0.0035s ]
SQL: SELECT * FROM `3000_info_meta` WHERE ( info_id in(14) ) ORDER BY info_id desc  [ RunTime:0.0004s ]
INFO: [ view_parse ] --START--
INFO: [ template_filter ] --START--
INFO: Run Behavior\ContentReplaceBehavior [ RunTime:0.000115s ]
INFO: [ template_filter ] --END-- [ RunTime:0.000220s ]
SQL: SELECT * FROM `3000_navbar` WHERE ( nav_isshow=1 ) ORDER BY nav_index  [ RunTime:0.0003s ]
SQL: SELECT * FROM `3000_navbar` WHERE ( nav_isshow=1 ) ORDER BY nav_index  [ RunTime:0.0002s ]
NOTIC: [8] Undefined variable: user_login E:\wamp\www\tp\ls\Runtime\Cache\Home\c2a9317dd4e547bbdccb57079ce11e04.php 第 48 行.
SQL: SHOW COLUMNS FROM `3000_info_widget` [ RunTime:0.0032s ]
SQL: SELECT * FROM `3000_info_widget` WHERE ( wig_id=1 ) LIMIT 1   [ RunTime:0.0003s ]
SQL: SHOW COLUMNS FROM `3000_info` [ RunTime:0.0029s ]
SQL: SELECT * FROM `3000_info` WHERE ( info_type=1 ) ORDER BY info_id desc LIMIT 5   [ RunTime:0.0003s ]
INFO: [ view_parse ] --START--
INFO: [ template_filter ] --START--
INFO: Run Behavior\ContentReplaceBehavior [ RunTime:0.000048s ]
INFO: [ template_filter ] --END-- [ RunTime:-0.018026s ]
INFO: Run Behavior\ParseTemplateBehavior [ RunTime:0.002880s ]
INFO: [ view_parse ] --END-- [ RunTime:0.003013s ]
INFO: [ view_filter ] --START--
INFO: Run Behavior\WriteHtmlCacheBehavior [ RunTime:0.000479s ]
INFO: [ view_filter ] --END-- [ RunTime:0.000573s ]
INFO: Run Behavior\ParseTemplateBehavior [ RunTime:0.003689s ]
INFO: [ view_parse ] --END-- [ RunTime:0.003013s ]
INFO: [ view_filter ] --START--
INFO: Run Behavior\WriteHtmlCacheBehavior [ RunTime:0.000024s ]
INFO: [ view_filter ] --END-- [ RunTime:-0.000214s ]
INFO: [ app_end ] --START--
INFO: Run Behavior\ShowPageTraceBehavior [ RunTime:0.000667s ]
INFO: [ app_end ] --END-- [ RunTime:0.000776s ]

[ 2016-08-18T20:28:12+08:00 ] ::1 /tp/Home/info/detail?pid=14
INFO: [ app_init ] --START--
INFO: Run Behavior\BuildLiteBehavior [ RunTime:0.000026s ]
INFO: [ app_init ] --END-- [ RunTime:0.000831s ]
INFO: [ app_begin ] --START--
INFO: Run Behavior\ReadHtmlCacheBehavior [ RunTime:0.000617s ]
SQL: SHOW COLUMNS FROM `3000_navbar` [ RunTime:0.0065s ]
SQL: SELECT * FROM `3000_navbar` WHERE ( nav_isshow=1 ) ORDER BY nav_index  [ RunTime:0.0003s ]
INFO: Run Home\Behaviors\NavBehavior [ RunTime:0.014837s ]
NOTIC: [8] Undefined index: userin E:\wamp\www\tp\ls\Home\API\UserAPI.class.php 第 59 行.
NOTIC: [8] Trying to get property of non-object E:\wamp\www\tp\ls\Home\API\UserAPI.class.php 第 80 行.
INFO: Run Home\Behaviors\UserBehavior [ RunTime:0.001702s ]
INFO: [ app_begin ] --END-- [ RunTime:0.017366s ]
SQL: SHOW COLUMNS FROM `3000_info` [ RunTime:0.0030s ]
SQL: SELECT COUNT(*) AS tp_count FROM `3000_info` WHERE ( info_id=14 and info_type=2 ) LIMIT 1   [ RunTime:0.0003s ]
SQL: SELECT * FROM `3000_info` WHERE ( info_id=14 and info_type=2 ) ORDER BY info_id LIMIT 0,2   [ RunTime:0.0003s ]
SQL: SHOW COLUMNS FROM `3000_info_meta` [ RunTime:0.0034s ]
SQL: SELECT * FROM `3000_info_meta` WHERE ( info_id in(14) ) ORDER BY info_id desc  [ RunTime:0.0003s ]
INFO: [ view_parse ] --START--
INFO: [ template_filter ] --START--
INFO: Run Behavior\ContentReplaceBehavior [ RunTime:0.000103s ]
INFO: [ template_filter ] --END-- [ RunTime:0.000210s ]
SQL: SELECT * FROM `3000_navbar` WHERE ( nav_isshow=1 ) ORDER BY nav_index  [ RunTime:0.0003s ]
SQL: SELECT * FROM `3000_navbar` WHERE ( nav_isshow=1 ) ORDER BY nav_index  [ RunTime:0.0003s ]
NOTIC: [8] Undefined variable: user_login E:\wamp\www\tp\ls\Runtime\Cache\Home\c2a9317dd4e547bbdccb57079ce11e04.php 第 48 行.
SQL: SHOW COLUMNS FROM `3000_info_widget` [ RunTime:0.0070s ]
SQL: SELECT * FROM `3000_info_widget` WHERE ( wig_id=1 ) LIMIT 1   [ RunTime:0.0003s ]
INFO: [ view_parse ] --START--
INFO: [ template_filter ] --START--
INFO: Run Behavior\ContentReplaceBehavior [ RunTime:0.000053s ]
INFO: [ template_filter ] --END-- [ RunTime:-0.682321s ]
INFO: Run Behavior\ParseTemplateBehavior [ RunTime:0.003136s ]
INFO: [ view_parse ] --END-- [ RunTime:0.003250s ]
INFO: [ view_filter ] --START--
INFO: Run Behavior\WriteHtmlCacheBehavior [ RunTime:0.000356s ]
INFO: [ view_filter ] --END-- [ RunTime:0.000453s ]
INFO: Run Behavior\ParseTemplateBehavior [ RunTime:0.003841s ]
INFO: [ view_parse ] --END-- [ RunTime:0.003250s ]
INFO: [ view_filter ] --START--
INFO: Run Behavior\WriteHtmlCacheBehavior [ RunTime:0.000024s ]
INFO: [ view_filter ] --END-- [ RunTime:-0.000225s ]
INFO: [ app_end ] --START--
INFO: Run Behavior\ShowPageTraceBehavior [ RunTime:0.000723s ]
INFO: [ app_end ] --END-- [ RunTime:0.000868s ]

[ 2016-08-18T20:28:12+08:00 ] ::1 /tp/Home/info/detail?pid=14
INFO: [ app_init ] --START--
INFO: Run Behavior\BuildLiteBehavior [ RunTime:0.000025s ]
INFO: [ app_init ] --END-- [ RunTime:0.000436s ]
INFO: [ app_begin ] --START--
INFO: Run Behavior\ReadHtmlCacheBehavior [ RunTime:0.000457s ]
SQL: SHOW COLUMNS FROM `3000_navbar` [ RunTime:0.0042s ]
SQL: SELECT * FROM `3000_navbar` WHERE ( nav_isshow=1 ) ORDER BY nav_index  [ RunTime:0.0004s ]
INFO: Run Home\Behaviors\NavBehavior [ RunTime:0.012361s ]
NOTIC: [8] Undefined index: userin E:\wamp\www\tp\ls\Home\API\UserAPI.class.php 第 59 行.
NOTIC: [8] Trying to get property of non-object E:\wamp\www\tp\ls\Home\API\UserAPI.class.php 第 80 行.
INFO: Run Home\Behaviors\UserBehavior [ RunTime:0.001443s ]
INFO: [ app_begin ] --END-- [ RunTime:0.014481s ]
SQL: SHOW COLUMNS FROM `3000_info` [ RunTime:0.0031s ]
SQL: SELECT COUNT(*) AS tp_count FROM `3000_info` WHERE ( info_id=14 and info_type=2 ) LIMIT 1   [ RunTime:0.0003s ]
SQL: SELECT * FROM `3000_info` WHERE ( info_id=14 and info_type=2 ) ORDER BY info_id LIMIT 0,2   [ RunTime:0.0002s ]
SQL: SHOW COLUMNS FROM `3000_info_meta` [ RunTime:0.0028s ]
SQL: SELECT * FROM `3000_info_meta` WHERE ( info_id in(14) ) ORDER BY info_id desc  [ RunTime:0.0003s ]
INFO: [ view_parse ] --START--
INFO: [ template_filter ] --START--
INFO: Run Behavior\ContentReplaceBehavior [ RunTime:0.000106s ]
INFO: [ template_filter ] --END-- [ RunTime:0.000217s ]
SQL: SELECT * FROM `3000_navbar` WHERE ( nav_isshow=1 ) ORDER BY nav_index  [ RunTime:0.0003s ]
SQL: SELECT * FROM `3000_navbar` WHERE ( nav_isshow=1 ) ORDER BY nav_index  [ RunTime:0.0003s ]
NOTIC: [8] Undefined variable: user_login E:\wamp\www\tp\ls\Runtime\Cache\Home\c2a9317dd4e547bbdccb57079ce11e04.php 第 48 行.
SQL: SHOW COLUMNS FROM `3000_info_widget` [ RunTime:0.0027s ]
SQL: SELECT * FROM `3000_info_widget` WHERE ( wig_id=1 ) LIMIT 1   [ RunTime:0.0002s ]
INFO: [ view_parse ] --START--
INFO: [ template_filter ] --START--
INFO: Run Behavior\ContentReplaceBehavior [ RunTime:0.000050s ]
INFO: [ template_filter ] --END-- [ RunTime:-0.012929s ]
INFO: Run Behavior\ParseTemplateBehavior [ RunTime:0.002811s ]
INFO: [ view_parse ] --END-- [ RunTime:0.002923s ]
INFO: [ view_filter ] --START--
INFO: Run Behavior\WriteHtmlCacheBehavior [ RunTime:0.000272s ]
INFO: [ view_filter ] --END-- [ RunTime:0.000371s ]
INFO: Run Behavior\ParseTemplateBehavior [ RunTime:0.003415s ]
INFO: [ view_parse ] --END-- [ RunTime:0.002923s ]
INFO: [ view_filter ] --START--
INFO: Run Behavior\WriteHtmlCacheBehavior [ RunTime:0.000025s ]
INFO: [ view_filter ] --END-- [ RunTime:-0.000217s ]
INFO: [ app_end ] --START--
INFO: Run Behavior\ShowPageTraceBehavior [ RunTime:0.000629s ]
INFO: [ app_end ] --END-- [ RunTime:0.000741s ]

[ 2016-08-18T20:28:19+08:00 ] ::1 /tp/Home/info/detail?pid=14
INFO: [ app_init ] --START--
INFO: Run Behavior\BuildLiteBehavior [ RunTime:0.000023s ]
INFO: [ app_init ] --END-- [ RunTime:0.000563s ]
INFO: [ app_begin ] --START--
INFO: Run Behavior\ReadHtmlCacheBehavior [ RunTime:0.000955s ]
SQL: SHOW COLUMNS FROM `3000_navbar` [ RunTime:0.0040s ]
SQL: SELECT * FROM `3000_navbar` WHERE ( nav_isshow=1 ) ORDER BY nav_index  [ RunTime:0.0004s ]
INFO: Run Home\Behaviors\NavBehavior [ RunTime:0.012721s ]
NOTIC: [8] Undefined index: userin E:\wamp\www\tp\ls\Home\API\UserAPI.class.php 第 59 行.
NOTIC: [8] Trying to get property of non-object E:\wamp\www\tp\ls\Home\API\UserAPI.class.php 第 80 行.
INFO: Run Home\Behaviors\UserBehavior [ RunTime:0.001859s ]
INFO: [ app_begin ] --END-- [ RunTime:0.015770s ]
SQL: SHOW COLUMNS FROM `3000_info` [ RunTime:0.0034s ]
SQL: SELECT COUNT(*) AS tp_count FROM `3000_info` WHERE ( info_id=14 and info_type=2 ) LIMIT 1   [ RunTime:0.0003s ]
SQL: SELECT * FROM `3000_info` WHERE ( info_id=14 and info_type=2 ) ORDER BY info_id LIMIT 0,2   [ RunTime:0.0003s ]
SQL: SHOW COLUMNS FROM `3000_info_meta` [ RunTime:0.0031s ]
SQL: SELECT * FROM `3000_info_meta` WHERE ( info_id in(14) ) ORDER BY info_id desc  [ RunTime:0.0003s ]
INFO: [ view_parse ] --START--
INFO: [ template_filter ] --START--
INFO: Run Behavior\ContentReplaceBehavior [ RunTime:0.000128s ]
INFO: [ template_filter ] --END-- [ RunTime:0.000421s ]
SQL: SELECT * FROM `3000_navbar` WHERE ( nav_isshow=1 ) ORDER BY nav_index  [ RunTime:0.0004s ]
SQL: SELECT * FROM `3000_navbar` WHERE ( nav_isshow=1 ) ORDER BY nav_index  [ RunTime:0.0003s ]
NOTIC: [8] Undefined variable: user_login E:\wamp\www\tp\ls\Runtime\Cache\Home\c2a9317dd4e547bbdccb57079ce11e04.php 第 48 行.
SQL: SHOW COLUMNS FROM `3000_info_widget` [ RunTime:0.0034s ]
SQL: SELECT * FROM `3000_info_widget` WHERE ( wig_id=1 ) LIMIT 1   [ RunTime:0.0003s ]
INFO: [ view_parse ] --START--
INFO: [ template_filter ] --START--
INFO: Run Behavior\ContentReplaceBehavior [ RunTime:0.000092s ]
INFO: [ template_filter ] --END-- [ RunTime:-0.017308s ]
INFO: Run Behavior\ParseTemplateBehavior [ RunTime:0.005171s ]
INFO: [ view_parse ] --END-- [ RunTime:0.005343s ]
INFO: [ view_filter ] --START--
INFO: Run Behavior\WriteHtmlCacheBehavior [ RunTime:0.000576s ]
INFO: [ view_filter ] --END-- [ RunTime:0.000743s ]
INFO: Run Behavior\ParseTemplateBehavior [ RunTime:0.006293s ]
INFO: [ view_parse ] --END-- [ RunTime:0.005343s ]
INFO: [ view_filter ] --START--
INFO: Run Behavior\WriteHtmlCacheBehavior [ RunTime:0.000049s ]
INFO: [ view_filter ] --END-- [ RunTime:-0.000437s ]
INFO: [ app_end ] --START--
INFO: Run Behavior\ShowPageTraceBehavior [ RunTime:0.001099s ]
INFO: [ app_end ] --END-- [ RunTime:0.001288s ]

[ 2016-08-18T20:28:33+08:00 ] ::1 /tp/Home/info/detail?pid=14
INFO: [ app_init ] --START--
INFO: Run Behavior\BuildLiteBehavior [ RunTime:0.000023s ]
INFO: [ app_init ] --END-- [ RunTime:0.000546s ]
INFO: [ app_begin ] --START--
INFO: Run Behavior\ReadHtmlCacheBehavior [ RunTime:0.000563s ]
SQL: SHOW COLUMNS FROM `3000_navbar` [ RunTime:0.0066s ]
SQL: SELECT * FROM `3000_navbar` WHERE ( nav_isshow=1 ) ORDER BY nav_index  [ RunTime:0.0004s ]
INFO: Run Home\Behaviors\NavBehavior [ RunTime:0.015757s ]
NOTIC: [8] Undefined index: userin E:\wamp\www\tp\ls\Home\API\UserAPI.class.php 第 59 行.
NOTIC: [8] Trying to get property of non-object E:\wamp\www\tp\ls\Home\API\UserAPI.class.php 第 80 行.
INFO: Run Home\Behaviors\UserBehavior [ RunTime:0.001780s ]
INFO: [ app_begin ] --END-- [ RunTime:0.018318s ]
SQL: SHOW COLUMNS FROM `3000_info` [ RunTime:0.0034s ]
SQL: SELECT COUNT(*) AS tp_count FROM `3000_info` WHERE ( info_id=14 and info_type=2 ) LIMIT 1   [ RunTime:0.0003s ]
SQL: SELECT * FROM `3000_info` WHERE ( info_id=14 and info_type=2 ) ORDER BY info_id LIMIT 0,2   [ RunTime:0.0003s ]
SQL: SHOW COLUMNS FROM `3000_info_meta` [ RunTime:0.0029s ]
SQL: SELECT * FROM `3000_info_meta` WHERE ( info_id in(14) ) ORDER BY info_id desc  [ RunTime:0.0003s ]
INFO: [ view_parse ] --START--
INFO: [ template_filter ] --START--
INFO: Run Behavior\ContentReplaceBehavior [ RunTime:0.000104s ]
INFO: [ template_filter ] --END-- [ RunTime:0.000210s ]
SQL: SELECT * FROM `3000_navbar` WHERE ( nav_isshow=1 ) ORDER BY nav_index  [ RunTime:0.0003s ]
SQL: SELECT * FROM `3000_navbar` WHERE ( nav_isshow=1 ) ORDER BY nav_index  [ RunTime:0.0002s ]
NOTIC: [8] Undefined variable: user_login E:\wamp\www\tp\ls\Runtime\Cache\Home\c2a9317dd4e547bbdccb57079ce11e04.php 第 48 行.
SQL: SHOW COLUMNS FROM `3000_info_widget` [ RunTime:0.0030s ]
SQL: SELECT * FROM `3000_info_widget` WHERE ( wig_id=1 ) LIMIT 1   [ RunTime:0.0003s ]
INFO: [ view_parse ] --START--
INFO: [ template_filter ] --START--
INFO: Run Behavior\ContentReplaceBehavior [ RunTime:0.000083s ]
INFO: [ template_filter ] --END-- [ RunTime:-0.012423s ]
INFO: Run Behavior\ParseTemplateBehavior [ RunTime:0.003071s ]
INFO: [ view_parse ] --END-- [ RunTime:0.003187s ]
INFO: [ view_filter ] --START--
INFO: Run Behavior\WriteHtmlCacheBehavior [ RunTime:0.000419s ]
INFO: [ view_filter ] --END-- [ RunTime:0.000515s ]
INFO: Run Behavior\ParseTemplateBehavior [ RunTime:0.003840s ]
INFO: [ view_parse ] --END-- [ RunTime:0.003187s ]
INFO: [ view_filter ] --START--
INFO: Run Behavior\WriteHtmlCacheBehavior [ RunTime:0.000023s ]
INFO: [ view_filter ] --END-- [ RunTime:-0.000214s ]
INFO: [ app_end ] --START--
INFO: Run Behavior\ShowPageTraceBehavior [ RunTime:0.000674s ]
INFO: [ app_end ] --END-- [ RunTime:0.000800s ]

[ 2016-08-18T20:28:46+08:00 ] ::1 /tp/Home/info/detail?pid=14
INFO: [ app_init ] --START--
INFO: Run Behavior\BuildLiteBehavior [ RunTime:0.000025s ]
INFO: [ app_init ] --END-- [ RunTime:0.000505s ]
INFO: [ app_begin ] --START--
INFO: Run Behavior\ReadHtmlCacheBehavior [ RunTime:0.000502s ]
SQL: SHOW COLUMNS FROM `3000_navbar` [ RunTime:0.0032s ]
SQL: SELECT * FROM `3000_navbar` WHERE ( nav_isshow=1 ) ORDER BY nav_index  [ RunTime:0.0003s ]
INFO: Run Home\Behaviors\NavBehavior [ RunTime:0.011767s ]
NOTIC: [8] Undefined index: userin E:\wamp\www\tp\ls\Home\API\UserAPI.class.php 第 59 行.
NOTIC: [8] Trying to get property of non-object E:\wamp\www\tp\ls\Home\API\UserAPI.class.php 第 80 行.
INFO: Run Home\Behaviors\UserBehavior [ RunTime:0.001750s ]
INFO: [ app_begin ] --END-- [ RunTime:0.014228s ]
SQL: SHOW COLUMNS FROM `3000_info` [ RunTime:0.0029s ]
SQL: SELECT COUNT(*) AS tp_count FROM `3000_info` WHERE ( info_id=14 and info_type=2 ) LIMIT 1   [ RunTime:0.0003s ]
SQL: SELECT * FROM `3000_info` WHERE ( info_id=14 and info_type=2 ) ORDER BY info_id LIMIT 0,2   [ RunTime:0.0003s ]
SQL: SHOW COLUMNS FROM `3000_info_meta` [ RunTime:0.0034s ]
SQL: SELECT * FROM `3000_info_meta` WHERE ( info_id in(14) ) ORDER BY info_id desc  [ RunTime:0.0003s ]
INFO: [ view_parse ] --START--
INFO: [ template_filter ] --START--
INFO: Run Behavior\ContentReplaceBehavior [ RunTime:0.000104s ]
INFO: [ template_filter ] --END-- [ RunTime:0.000210s ]
SQL: SELECT * FROM `3000_navbar` WHERE ( nav_isshow=1 ) ORDER BY nav_index  [ RunTime:0.0003s ]
SQL: SELECT * FROM `3000_navbar` WHERE ( nav_isshow=1 ) ORDER BY nav_index  [ RunTime:0.0002s ]
NOTIC: [8] Undefined variable: user_login E:\wamp\www\tp\ls\Runtime\Cache\Home\c2a9317dd4e547bbdccb57079ce11e04.php 第 48 行.
SQL: SHOW COLUMNS FROM `3000_info_widget` [ RunTime:0.0030s ]
SQL: SELECT * FROM `3000_info_widget` WHERE ( wig_id=1 ) LIMIT 1   [ RunTime:0.0002s ]
INFO: [ view_parse ] --START--
INFO: [ template_filter ] --START--
INFO: Run Behavior\ContentReplaceBehavior [ RunTime:0.000048s ]
INFO: [ template_filter ] --END-- [ RunTime:-0.013095s ]
INFO: Run Behavior\ParseTemplateBehavior [ RunTime:0.002948s ]
INFO: [ view_parse ] --END-- [ RunTime:0.003056s ]
INFO: [ view_filter ] --START--
INFO: Run Behavior\WriteHtmlCacheBehavior [ RunTime:0.000434s ]
INFO: [ view_filter ] --END-- [ RunTime:0.000533s ]
INFO: Run Behavior\ParseTemplateBehavior [ RunTime:0.003716s ]
INFO: [ view_parse ] --END-- [ RunTime:0.003056s ]
INFO: [ view_filter ] --START--
INFO: Run Behavior\WriteHtmlCacheBehavior [ RunTime:0.000024s ]
INFO: [ view_filter ] --END-- [ RunTime:-0.000213s ]
INFO: [ app_end ] --START--
INFO: Run Behavior\ShowPageTraceBehavior [ RunTime:0.000697s ]
INFO: [ app_end ] --END-- [ RunTime:0.000833s ]

[ 2016-08-18T20:28:48+08:00 ] ::1 /tp/Home/info/detail?pid=14
INFO: [ app_init ] --START--
INFO: Run Behavior\BuildLiteBehavior [ RunTime:0.000026s ]
INFO: [ app_init ] --END-- [ RunTime:0.000559s ]
INFO: [ app_begin ] --START--
INFO: Run Behavior\ReadHtmlCacheBehavior [ RunTime:0.000937s ]
SQL: SHOW COLUMNS FROM `3000_navbar` [ RunTime:0.0072s ]
SQL: SELECT * FROM `3000_navbar` WHERE ( nav_isshow=1 ) ORDER BY nav_index  [ RunTime:0.0003s ]
INFO: Run Home\Behaviors\NavBehavior [ RunTime:0.015295s ]
NOTIC: [8] Undefined index: userin E:\wamp\www\tp\ls\Home\API\UserAPI.class.php 第 59 行.
NOTIC: [8] Trying to get property of non-object E:\wamp\www\tp\ls\Home\API\UserAPI.class.php 第 80 行.
INFO: Run Home\Behaviors\UserBehavior [ RunTime:0.001606s ]
INFO: [ app_begin ] --END-- [ RunTime:0.018120s ]
SQL: SHOW COLUMNS FROM `3000_info` [ RunTime:0.0029s ]
SQL: SELECT COUNT(*) AS tp_count FROM `3000_info` WHERE ( info_id=14 and info_type=2 ) LIMIT 1   [ RunTime:0.0003s ]
SQL: SELECT * FROM `3000_info` WHERE ( info_id=14 and info_type=2 ) ORDER BY info_id LIMIT 0,2   [ RunTime:0.0003s ]
SQL: SHOW COLUMNS FROM `3000_info_meta` [ RunTime:0.0027s ]
SQL: SELECT * FROM `3000_info_meta` WHERE ( info_id in(14) ) ORDER BY info_id desc  [ RunTime:0.0003s ]
INFO: [ view_parse ] --START--
INFO: [ template_filter ] --START--
INFO: Run Behavior\ContentReplaceBehavior [ RunTime:0.000127s ]
INFO: [ template_filter ] --END-- [ RunTime:0.000235s ]
SQL: SELECT * FROM `3000_navbar` WHERE ( nav_isshow=1 ) ORDER BY nav_index  [ RunTime:0.0004s ]
SQL: SELECT * FROM `3000_navbar` WHERE ( nav_isshow=1 ) ORDER BY nav_index  [ RunTime:0.0003s ]
NOTIC: [8] Undefined variable: user_login E:\wamp\www\tp\ls\Runtime\Cache\Home\c2a9317dd4e547bbdccb57079ce11e04.php 第 48 行.
SQL: SHOW COLUMNS FROM `3000_info_widget` [ RunTime:0.0029s ]
SQL: SELECT * FROM `3000_info_widget` WHERE ( wig_id=1 ) LIMIT 1   [ RunTime:0.0003s ]
INFO: [ view_parse ] --START--
INFO: [ template_filter ] --START--
INFO: Run Behavior\ContentReplaceBehavior [ RunTime:0.000049s ]
INFO: [ template_filter ] --END-- [ RunTime:-0.013092s ]
INFO: Run Behavior\ParseTemplateBehavior [ RunTime:0.002957s ]
INFO: [ view_parse ] --END-- [ RunTime:0.003067s ]
INFO: [ view_filter ] --START--
INFO: Run Behavior\WriteHtmlCacheBehavior [ RunTime:0.000392s ]
INFO: [ view_filter ] --END-- [ RunTime:0.000490s ]
INFO: Run Behavior\ParseTemplateBehavior [ RunTime:0.003684s ]
INFO: [ view_parse ] --END-- [ RunTime:0.003067s ]
INFO: [ view_filter ] --START--
INFO: Run Behavior\WriteHtmlCacheBehavior [ RunTime:0.000024s ]
INFO: [ view_filter ] --END-- [ RunTime:-0.000218s ]
INFO: [ app_end ] --START--
INFO: Run Behavior\ShowPageTraceBehavior [ RunTime:0.000584s ]
INFO: [ app_end ] --END-- [ RunTime:0.000699s ]

[ 2016-08-18T20:32:31+08:00 ] ::1 /tp/Home/cart/add_cart
INFO: [ app_init ] --START--
INFO: Run Behavior\BuildLiteBehavior [ RunTime:0.000046s ]
INFO: [ app_init ] --END-- [ RunTime:0.000561s ]
INFO: [ app_begin ] --START--
INFO: Run Behavior\ReadHtmlCacheBehavior [ RunTime:0.000687s ]
SQL: SHOW COLUMNS FROM `3000_navbar` [ RunTime:0.0069s ]
SQL: SELECT * FROM `3000_navbar` WHERE ( nav_isshow=1 ) ORDER BY nav_index  [ RunTime:0.0003s ]
INFO: Run Home\Behaviors\NavBehavior [ RunTime:0.015893s ]
NOTIC: [8] Undefined index: userin E:\wamp\www\tp\ls\Home\API\UserAPI.class.php 第 59 行.
NOTIC: [8] Trying to get property of non-object E:\wamp\www\tp\ls\Home\API\UserAPI.class.php 第 80 行.
INFO: Run Home\Behaviors\UserBehavior [ RunTime:0.001778s ]
INFO: [ app_begin ] --END-- [ RunTime:0.018622s ]
ERR: 无法加载控制器:Cart

[ 2016-08-18T20:33:06+08:00 ] ::1 /tp/Home/cart/add_cart
INFO: [ app_init ] --START--
INFO: Run Behavior\BuildLiteBehavior [ RunTime:0.000028s ]
INFO: [ app_init ] --END-- [ RunTime:0.000684s ]
INFO: [ app_begin ] --START--
INFO: Run Behavior\ReadHtmlCacheBehavior [ RunTime:0.000621s ]
SQL: SHOW COLUMNS FROM `3000_navbar` [ RunTime:0.0042s ]
SQL: SELECT * FROM `3000_navbar` WHERE ( nav_isshow=1 ) ORDER BY nav_index  [ RunTime:0.0003s ]
INFO: Run Home\Behaviors\NavBehavior [ RunTime:0.013974s ]
NOTIC: [8] Undefined index: userin E:\wamp\www\tp\ls\Home\API\UserAPI.class.php 第 59 行.
NOTIC: [8] Trying to get property of non-object E:\wamp\www\tp\ls\Home\API\UserAPI.class.php 第 80 行.
INFO: Run Home\Behaviors\UserBehavior [ RunTime:0.001798s ]
INFO: [ app_begin ] --END-- [ RunTime:0.016686s ]
INFO: [ app_end ] --START--
INFO: Run Behavior\ShowPageTraceBehavior [ RunTime:0.000880s ]
INFO: [ app_end ] --END-- [ RunTime:0.000999s ]

[ 2016-08-18T20:42:26+08:00 ] ::1 /tp/Home/cart/add_cart
INFO: [ app_init ] --START--
INFO: Run Behavior\BuildLiteBehavior [ RunTime:0.000036s ]
INFO: [ app_init ] --END-- [ RunTime:0.000719s ]
INFO: [ app_begin ] --START--
INFO: Run Behavior\ReadHtmlCacheBehavior [ RunTime:0.000611s ]
SQL: SHOW COLUMNS FROM `3000_navbar` [ RunTime:0.0044s ]
SQL: SELECT * FROM `3000_navbar` WHERE ( nav_isshow=1 ) ORDER BY nav_index  [ RunTime:0.0004s ]
INFO: Run Home\Behaviors\NavBehavior [ RunTime:0.013152s ]
NOTIC: [8] Undefined index: userin E:\wamp\www\tp\ls\Home\API\UserAPI.class.php 第 59 行.
NOTIC: [8] Trying to get property of non-object E:\wamp\www\tp\ls\Home\API\UserAPI.class.php 第 80 行.
INFO: Run Home\Behaviors\UserBehavior [ RunTime:0.001950s ]
INFO: [ app_begin ] --END-- [ RunTime:0.015995s ]

[ 2016-08-18T20:42:47+08:00 ] ::1 /tp/Home/cart/add_cart
INFO: [ app_init ] --START--
INFO: Run Behavior\BuildLiteBehavior [ RunTime:0.000024s ]
INFO: [ app_init ] --END-- [ RunTime:0.000558s ]
INFO: [ app_begin ] --START--
INFO: Run Behavior\ReadHtmlCacheBehavior [ RunTime:0.000541s ]
SQL: SHOW COLUMNS FROM `3000_navbar` [ RunTime:0.0066s ]
SQL: SELECT * FROM `3000_navbar` WHERE ( nav_isshow=1 ) ORDER BY nav_index  [ RunTime:0.0003s ]
INFO: Run Home\Behaviors\NavBehavior [ RunTime:0.015741s ]
NOTIC: [8] Undefined index: userin E:\wamp\www\tp\ls\Home\API\UserAPI.class.php 第 59 行.
NOTIC: [8] Trying to get property of non-object E:\wamp\www\tp\ls\Home\API\UserAPI.class.php 第 80 行.
INFO: Run Home\Behaviors\UserBehavior [ RunTime:0.001744s ]
INFO: [ app_begin ] --END-- [ RunTime:0.018268s ]
NOTIC: [8] Memcache::connect():  E:\wamp\www\tp\ThinkPHP\Library\Think\Cache\Driver\Memcache.class.php 第 43 行.
NOTIC: [2] Memcache::connect():  E:\wamp\www\tp\ThinkPHP\Library\Think\Cache\Driver\Memcache.class.php 第 43 行.
NOTIC: [2] Memcache::set(): No servers added to memcache connection E:\wamp\www\tp\ThinkPHP\Library\Think\Cache\Driver\Memcache.class.php 第 72 行.
INFO: [ app_end ] --START--
INFO: Run Behavior\ShowPageTraceBehavior [ RunTime:0.000722s ]
INFO: [ app_end ] --END-- [ RunTime:0.000829s ]

[ 2016-08-18T20:42:48+08:00 ] ::1 /tp/Home/cart/add_cart
INFO: [ app_init ] --START--
INFO: Run Behavior\BuildLiteBehavior [ RunTime:0.000024s ]
INFO: [ app_init ] --END-- [ RunTime:0.000539s ]
INFO: [ app_begin ] --START--
INFO: Run Behavior\ReadHtmlCacheBehavior [ RunTime:0.000581s ]
SQL: SHOW COLUMNS FROM `3000_navbar` [ RunTime:0.0069s ]
SQL: SELECT * FROM `3000_navbar` WHERE ( nav_isshow=1 ) ORDER BY nav_index  [ RunTime:0.0005s ]
INFO: Run Home\Behaviors\NavBehavior [ RunTime:0.015424s ]
NOTIC: [8] Undefined index: userin E:\wamp\www\tp\ls\Home\API\UserAPI.class.php 第 59 行.
NOTIC: [8] Trying to get property of non-object E:\wamp\www\tp\ls\Home\API\UserAPI.class.php 第 80 行.
INFO: Run Home\Behaviors\UserBehavior [ RunTime:0.002942s ]
INFO: [ app_begin ] --END-- [ RunTime:0.019458s ]
NOTIC: [8] Memcache::connect():  E:\wamp\www\tp\ThinkPHP\Library\Think\Cache\Driver\Memcache.class.php 第 43 行.
NOTIC: [2] Memcache::connect():  E:\wamp\www\tp\ThinkPHP\Library\Think\Cache\Driver\Memcache.class.php 第 43 行.
NOTIC: [2] Memcache::set(): No servers added to memcache connection E:\wamp\www\tp\ThinkPHP\Library\Think\Cache\Driver\Memcache.class.php 第 72 行.
INFO: [ app_end ] --START--
INFO: Run Behavior\ShowPageTraceBehavior [ RunTime:0.000710s ]
INFO: [ app_end ] --END-- [ RunTime:0.000818s ]

[ 2016-08-18T20:42:49+08:00 ] ::1 /tp/Home/cart/add_cart
INFO: [ app_init ] --START--
INFO: Run Behavior\BuildLiteBehavior [ RunTime:0.000024s ]
INFO: [ app_init ] --END-- [ RunTime:0.000541s ]
INFO: [ app_begin ] --START--
INFO: Run Behavior\ReadHtmlCacheBehavior [ RunTime:0.000513s ]
SQL: SHOW COLUMNS FROM `3000_navbar` [ RunTime:0.0036s ]
SQL: SELECT * FROM `3000_navbar` WHERE ( nav_isshow=1 ) ORDER BY nav_index  [ RunTime:0.0003s ]
INFO: Run Home\Behaviors\NavBehavior [ RunTime:0.011840s ]
NOTIC: [8] Undefined index: userin E:\wamp\www\tp\ls\Home\API\UserAPI.class.php 第 59 行.
NOTIC: [8] Trying to get property of non-object E:\wamp\www\tp\ls\Home\API\UserAPI.class.php 第 80 行.
INFO: Run Home\Behaviors\UserBehavior [ RunTime:0.001487s ]
INFO: [ app_begin ] --END-- [ RunTime:0.014048s ]
NOTIC: [8] Memcache::connect():  E:\wamp\www\tp\ThinkPHP\Library\Think\Cache\Driver\Memcache.class.php 第 43 行.
NOTIC: [2] Memcache::connect():  E:\wamp\www\tp\ThinkPHP\Library\Think\Cache\Driver\Memcache.class.php 第 43 行.
NOTIC: [2] Memcache::set(): No servers added to memcache connection E:\wamp\www\tp\ThinkPHP\Library\Think\Cache\Driver\Memcache.class.php 第 72 行.
INFO: [ app_end ] --START--
INFO: Run Behavior\ShowPageTraceBehavior [ RunTime:0.000748s ]
INFO: [ app_end ] --END-- [ RunTime:0.000854s ]

[ 2016-08-18T20:42:50+08:00 ] ::1 /tp/Home/cart/add_cart
INFO: [ app_init ] --START--
INFO: Run Behavior\BuildLiteBehavior [ RunTime:0.000027s ]
INFO: [ app_init ] --END-- [ RunTime:0.000498s ]
INFO: [ app_begin ] --START--
INFO: Run Behavior\ReadHtmlCacheBehavior [ RunTime:0.000561s ]
SQL: SHOW COLUMNS FROM `3000_navbar` [ RunTime:0.0036s ]
SQL: SELECT * FROM `3000_navbar` WHERE ( nav_isshow=1 ) ORDER BY nav_index  [ RunTime:0.0003s ]
INFO: Run Home\Behaviors\NavBehavior [ RunTime:0.013901s ]
NOTIC: [8] Undefined index: userin E:\wamp\www\tp\ls\Home\API\UserAPI.class.php 第 59 行.
NOTIC: [8] Trying to get property of non-object E:\wamp\www\tp\ls\Home\API\UserAPI.class.php 第 80 行.
INFO: Run Home\Behaviors\UserBehavior [ RunTime:0.001630s ]
INFO: [ app_begin ] --END-- [ RunTime:0.016350s ]
NOTIC: [8] Memcache::connect():  E:\wamp\www\tp\ThinkPHP\Library\Think\Cache\Driver\Memcache.class.php 第 43 行.
NOTIC: [2] Memcache::connect():  E:\wamp\www\tp\ThinkPHP\Library\Think\Cache\Driver\Memcache.class.php 第 43 行.
NOTIC: [2] Memcache::set(): No servers added to memcache connection E:\wamp\www\tp\ThinkPHP\Library\Think\Cache\Driver\Memcache.class.php 第 72 行.
INFO: [ app_end ] --START--
INFO: Run Behavior\ShowPageTraceBehavior [ RunTime:0.000763s ]
INFO: [ app_end ] --END-- [ RunTime:0.000871s ]

[ 2016-08-18T20:42:57+08:00 ] ::1 /tp/Home/cart/add_cart
INFO: [ app_init ] --START--
INFO: Run Behavior\BuildLiteBehavior [ RunTime:0.000025s ]
INFO: [ app_init ] --END-- [ RunTime:0.000543s ]
INFO: [ app_begin ] --START--
INFO: Run Behavior\ReadHtmlCacheBehavior [ RunTime:0.000520s ]
SQL: SHOW COLUMNS FROM `3000_navbar` [ RunTime:0.0068s ]
SQL: SELECT * FROM `3000_navbar` WHERE ( nav_isshow=1 ) ORDER BY nav_index  [ RunTime:0.0003s ]
INFO: Run Home\Behaviors\NavBehavior [ RunTime:0.014661s ]
NOTIC: [8] Undefined index: userin E:\wamp\www\tp\ls\Home\API\UserAPI.class.php 第 59 行.
NOTIC: [8] Trying to get property of non-object E:\wamp\www\tp\ls\Home\API\UserAPI.class.php 第 80 行.
INFO: Run Home\Behaviors\UserBehavior [ RunTime:0.001508s ]
INFO: [ app_begin ] --END-- [ RunTime:0.016924s ]
NOTIC: [8] Memcache::connect():  E:\wamp\www\tp\ThinkPHP\Library\Think\Cache\Driver\Memcache.class.php 第 43 行.
NOTIC: [2] Memcache::connect():  E:\wamp\www\tp\ThinkPHP\Library\Think\Cache\Driver\Memcache.class.php 第 43 行.
NOTIC: [2] Memcache::set(): No servers added to memcache connection E:\wamp\www\tp\ThinkPHP\Library\Think\Cache\Driver\Memcache.class.php 第 72 行.
NOTIC: [8] Undefined variable: name E:\wamp\www\tp\ls\Home\Controller\CartController.class.php 第 13 行.
INFO: [ app_end ] --START--
INFO: Run Behavior\ShowPageTraceBehavior [ RunTime:0.000731s ]
INFO: [ app_end ] --END-- [ RunTime:0.000836s ]

[ 2016-08-18T20:42:58+08:00 ] ::1 /tp/Home/cart/add_cart
INFO: [ app_init ] --START--
INFO: Run Behavior\BuildLiteBehavior [ RunTime:0.000055s ]
INFO: [ app_init ] --END-- [ RunTime:0.001157s ]
INFO: [ app_begin ] --START--
INFO: Run Behavior\ReadHtmlCacheBehavior [ RunTime:0.000580s ]
SQL: SHOW COLUMNS FROM `3000_navbar` [ RunTime:0.0072s ]
SQL: SELECT * FROM `3000_navbar` WHERE ( nav_isshow=1 ) ORDER BY nav_index  [ RunTime:0.0003s ]
INFO: Run Home\Behaviors\NavBehavior [ RunTime:0.015765s ]
NOTIC: [8] Undefined index: userin E:\wamp\www\tp\ls\Home\API\UserAPI.class.php 第 59 行.
NOTIC: [8] Trying to get property of non-object E:\wamp\www\tp\ls\Home\API\UserAPI.class.php 第 80 行.
INFO: Run Home\Behaviors\UserBehavior [ RunTime:0.001524s ]
INFO: [ app_begin ] --END-- [ RunTime:0.018104s ]
NOTIC: [8] Memcache::connect():  E:\wamp\www\tp\ThinkPHP\Library\Think\Cache\Driver\Memcache.class.php 第 43 行.
NOTIC: [2] Memcache::connect():  E:\wamp\www\tp\ThinkPHP\Library\Think\Cache\Driver\Memcache.class.php 第 43 行.
NOTIC: [2] Memcache::set(): No servers added to memcache connection E:\wamp\www\tp\ThinkPHP\Library\Think\Cache\Driver\Memcache.class.php 第 72 行.
NOTIC: [8] Undefined variable: name E:\wamp\www\tp\ls\Home\Controller\CartController.class.php 第 13 行.
INFO: [ app_end ] --START--
INFO: Run Behavior\ShowPageTraceBehavior [ RunTime:0.000638s ]
INFO: [ app_end ] --END-- [ RunTime:0.000744s ]

[ 2016-08-18T20:42:59+08:00 ] ::1 /tp/Home/cart/add_cart
INFO: [ app_init ] --START--
INFO: Run Behavior\BuildLiteBehavior [ RunTime:0.000025s ]
INFO: [ app_init ] --END-- [ RunTime:0.000566s ]
INFO: [ app_begin ] --START--
INFO: Run Behavior\ReadHtmlCacheBehavior [ RunTime:0.000514s ]
SQL: SHOW COLUMNS FROM `3000_navbar` [ RunTime:0.0072s ]
SQL: SELECT * FROM `3000_navbar` WHERE ( nav_isshow=1 ) ORDER BY nav_index  [ RunTime:0.0003s ]
INFO: Run Home\Behaviors\NavBehavior [ RunTime:0.061119s ]
NOTIC: [8] Undefined index: userin E:\wamp\www\tp\ls\Home\API\UserAPI.class.php 第 59 行.
NOTIC: [8] Trying to get property of non-object E:\wamp\www\tp\ls\Home\API\UserAPI.class.php 第 80 行.
INFO: Run Home\Behaviors\UserBehavior [ RunTime:0.001601s ]
INFO: [ app_begin ] --END-- [ RunTime:0.063447s ]
NOTIC: [8] Memcache::connect():  E:\wamp\www\tp\ThinkPHP\Library\Think\Cache\Driver\Memcache.class.php 第 43 行.
NOTIC: [2] Memcache::connect():  E:\wamp\www\tp\ThinkPHP\Library\Think\Cache\Driver\Memcache.class.php 第 43 行.
NOTIC: [2] Memcache::set(): No servers added to memcache connection E:\wamp\www\tp\ThinkPHP\Library\Think\Cache\Driver\Memcache.class.php 第 72 行.
NOTIC: [8] Undefined variable: name E:\wamp\www\tp\ls\Home\Controller\CartController.class.php 第 13 行.
INFO: [ app_end ] --START--
INFO: Run Behavior\ShowPageTraceBehavior [ RunTime:0.000727s ]
INFO: [ app_end ] --END-- [ RunTime:0.000833s ]

[ 2016-08-18T20:43:00+08:00 ] ::1 /tp/Home/cart/add_cart
INFO: [ app_init ] --START--
INFO: Run Behavior\BuildLiteBehavior [ RunTime:0.000023s ]
INFO: [ app_init ] --END-- [ RunTime:0.000491s ]
INFO: [ app_begin ] --START--
INFO: Run Behavior\ReadHtmlCacheBehavior [ RunTime:0.000565s ]
SQL: SHOW COLUMNS FROM `3000_navbar` [ RunTime:0.0066s ]
SQL: SELECT * FROM `3000_navbar` WHERE ( nav_isshow=1 ) ORDER BY nav_index  [ RunTime:0.0003s ]
INFO: Run Home\Behaviors\NavBehavior [ RunTime:0.014480s ]
NOTIC: [8] Undefined index: userin E:\wamp\www\tp\ls\Home\API\UserAPI.class.php 第 59 行.
NOTIC: [8] Trying to get property of non-object E:\wamp\www\tp\ls\Home\API\UserAPI.class.php 第 80 行.
INFO: Run Home\Behaviors\UserBehavior [ RunTime:0.001904s ]
INFO: [ app_begin ] --END-- [ RunTime:0.017223s ]
NOTIC: [8] Memcache::connect():  E:\wamp\www\tp\ThinkPHP\Library\Think\Cache\Driver\Memcache.class.php 第 43 行.
NOTIC: [2] Memcache::connect():  E:\wamp\www\tp\ThinkPHP\Library\Think\Cache\Driver\Memcache.class.php 第 43 行.
NOTIC: [2] Memcache::set(): No servers added to memcache connection E:\wamp\www\tp\ThinkPHP\Library\Think\Cache\Driver\Memcache.class.php 第 72 行.
NOTIC: [8] Undefined variable: name E:\wamp\www\tp\ls\Home\Controller\CartController.class.php 第 13 行.
INFO: [ app_end ] --START--
INFO: Run Behavior\ShowPageTraceBehavior [ RunTime:0.000673s ]
INFO: [ app_end ] --END-- [ RunTime:0.000781s ]

[ 2016-08-18T20:43:01+08:00 ] ::1 /tp/Home/cart/add_cart
INFO: [ app_init ] --START--
INFO: Run Behavior\BuildLiteBehavior [ RunTime:0.000026s ]
INFO: [ app_init ] --END-- [ RunTime:0.000541s ]
INFO: [ app_begin ] --START--
INFO: Run Behavior\ReadHtmlCacheBehavior [ RunTime:0.000741s ]
SQL: SHOW COLUMNS FROM `3000_navbar` [ RunTime:0.0067s ]
SQL: SELECT * FROM `3000_navbar` WHERE ( nav_isshow=1 ) ORDER BY nav_index  [ RunTime:0.0003s ]
INFO: Run Home\Behaviors\NavBehavior [ RunTime:0.014490s ]
NOTIC: [8] Undefined index: userin E:\wamp\www\tp\ls\Home\API\UserAPI.class.php 第 59 行.
NOTIC: [8] Trying to get property of non-object E:\wamp\www\tp\ls\Home\API\UserAPI.class.php 第 80 行.
INFO: Run Home\Behaviors\UserBehavior [ RunTime:0.002107s ]
INFO: [ app_begin ] --END-- [ RunTime:0.017594s ]
NOTIC: [8] Memcache::connect():  E:\wamp\www\tp\ThinkPHP\Library\Think\Cache\Driver\Memcache.class.php 第 43 行.
NOTIC: [2] Memcache::connect():  E:\wamp\www\tp\ThinkPHP\Library\Think\Cache\Driver\Memcache.class.php 第 43 行.
NOTIC: [2] Memcache::set(): No servers added to memcache connection E:\wamp\www\tp\ThinkPHP\Library\Think\Cache\Driver\Memcache.class.php 第 72 行.
NOTIC: [8] Undefined variable: name E:\wamp\www\tp\ls\Home\Controller\CartController.class.php 第 13 行.
INFO: [ app_end ] --START--
INFO: Run Behavior\ShowPageTraceBehavior [ RunTime:0.000745s ]
INFO: [ app_end ] --END-- [ RunTime:0.000850s ]

[ 2016-08-18T20:43:13+08:00 ] ::1 /tp/Home/cart/add_cart
INFO: [ app_init ] --START--
INFO: Run Behavior\BuildLiteBehavior [ RunTime:0.000025s ]
INFO: [ app_init ] --END-- [ RunTime:0.000477s ]
INFO: [ app_begin ] --START--
INFO: Run Behavior\ReadHtmlCacheBehavior [ RunTime:0.000516s ]
SQL: SHOW COLUMNS FROM `3000_navbar` [ RunTime:0.0036s ]
SQL: SELECT * FROM `3000_navbar` WHERE ( nav_isshow=1 ) ORDER BY nav_index  [ RunTime:0.0004s ]
INFO: Run Home\Behaviors\NavBehavior [ RunTime:0.012150s ]
NOTIC: [8] Undefined index: userin E:\wamp\www\tp\ls\Home\API\UserAPI.class.php 第 59 行.
NOTIC: [8] Trying to get property of non-object E:\wamp\www\tp\ls\Home\API\UserAPI.class.php 第 80 行.
INFO: Run Home\Behaviors\UserBehavior [ RunTime:0.002238s ]
INFO: [ app_begin ] --END-- [ RunTime:0.015166s ]
NOTIC: [8] Memcache::connect():  E:\wamp\www\tp\ThinkPHP\Library\Think\Cache\Driver\Memcache.class.php 第 43 行.
NOTIC: [2] Memcache::connect():  E:\wamp\www\tp\ThinkPHP\Library\Think\Cache\Driver\Memcache.class.php 第 43 行.
NOTIC: [2] Memcache::set(): No servers added to memcache connection E:\wamp\www\tp\ThinkPHP\Library\Think\Cache\Driver\Memcache.class.php 第 72 行.
NOTIC: [2] Memcache::get(): No servers added to memcache connection E:\wamp\www\tp\ThinkPHP\Library\Think\Cache\Driver\Memcache.class.php 第 55 行.
INFO: [ app_end ] --START--
INFO: Run Behavior\ShowPageTraceBehavior [ RunTime:0.000729s ]
INFO: [ app_end ] --END-- [ RunTime:0.000840s ]

[ 2016-08-18T20:43:15+08:00 ] ::1 /tp/Home/cart/add_cart
INFO: [ app_init ] --START--
INFO: Run Behavior\BuildLiteBehavior [ RunTime:0.000022s ]
INFO: [ app_init ] --END-- [ RunTime:0.000483s ]
INFO: [ app_begin ] --START--
INFO: Run Behavior\ReadHtmlCacheBehavior [ RunTime:0.000481s ]
SQL: SHOW COLUMNS FROM `3000_navbar` [ RunTime:0.0071s ]
SQL: SELECT * FROM `3000_navbar` WHERE ( nav_isshow=1 ) ORDER BY nav_index  [ RunTime:0.0003s ]
INFO: Run Home\Behaviors\NavBehavior [ RunTime:0.015235s ]
NOTIC: [8] Undefined index: userin E:\wamp\www\tp\ls\Home\API\UserAPI.class.php 第 59 行.
NOTIC: [8] Trying to get property of non-object E:\wamp\www\tp\ls\Home\API\UserAPI.class.php 第 80 行.
INFO: Run Home\Behaviors\UserBehavior [ RunTime:0.001597s ]
INFO: [ app_begin ] --END-- [ RunTime:0.017535s ]
NOTIC: [8] Memcache::connect():  E:\wamp\www\tp\ThinkPHP\Library\Think\Cache\Driver\Memcache.class.php 第 43 行.
NOTIC: [2] Memcache::connect():  E:\wamp\www\tp\ThinkPHP\Library\Think\Cache\Driver\Memcache.class.php 第 43 行.
NOTIC: [2] Memcache::set(): No servers added to memcache connection E:\wamp\www\tp\ThinkPHP\Library\Think\Cache\Driver\Memcache.class.php 第 72 行.
NOTIC: [2] Memcache::get(): No servers added to memcache connection E:\wamp\www\tp\ThinkPHP\Library\Think\Cache\Driver\Memcache.class.php 第 55 行.
INFO: [ app_end ] --START--
INFO: Run Behavior\ShowPageTraceBehavior [ RunTime:0.000766s ]
INFO: [ app_end ] --END-- [ RunTime:0.000872s ]

[ 2016-08-18T20:51:08+08:00 ] ::1 /tp/Home/cart/add_cart
INFO: [ app_init ] --START--
INFO: Run Behavior\BuildLiteBehavior [ RunTime:0.000026s ]
INFO: [ app_init ] --END-- [ RunTime:0.000504s ]
INFO: [ app_begin ] --START--
INFO: Run Behavior\ReadHtmlCacheBehavior [ RunTime:0.000619s ]
SQL: SHOW COLUMNS FROM `3000_navbar` [ RunTime:0.0043s ]
SQL: SELECT * FROM `3000_navbar` WHERE ( nav_isshow=1 ) ORDER BY nav_index  [ RunTime:0.0005s ]
INFO: Run Home\Behaviors\NavBehavior [ RunTime:0.013386s ]
NOTIC: [8] Undefined index: userin E:\wamp\www\tp\ls\Home\API\UserAPI.class.php 第 59 行.
NOTIC: [8] Trying to get property of non-object E:\wamp\www\tp\ls\Home\API\UserAPI.class.php 第 80 行.
INFO: Run Home\Behaviors\UserBehavior [ RunTime:0.001719s ]
INFO: [ app_begin ] --END-- [ RunTime:0.015970s ]
NOTIC: [8] Memcache::connect():  E:\wamp\www\tp\ThinkPHP\Library\Think\Cache\Driver\Memcache.class.php 第 43 行.
NOTIC: [2] Memcache::connect():  E:\wamp\www\tp\ThinkPHP\Library\Think\Cache\Driver\Memcache.class.php 第 43 行.
NOTIC: [2] Memcache::set(): No servers added to memcache connection E:\wamp\www\tp\ThinkPHP\Library\Think\Cache\Driver\Memcache.class.php 第 72 行.
NOTIC: [2] Memcache::get(): No servers added to memcache connection E:\wamp\www\tp\ThinkPHP\Library\Think\Cache\Driver\Memcache.class.php 第 55 行.
INFO: [ app_end ] --START--
INFO: Run Behavior\ShowPageTraceBehavior [ RunTime:0.000737s ]
INFO: [ app_end ] --END-- [ RunTime:0.000843s ]

[ 2016-08-18T20:51:09+08:00 ] ::1 /tp/Home/cart/add_cart
INFO: [ app_init ] --START--
INFO: Run Behavior\BuildLiteBehavior [ RunTime:0.000035s ]
INFO: [ app_init ] --END-- [ RunTime:0.000544s ]
INFO: [ app_begin ] --START--
INFO: Run Behavior\ReadHtmlCacheBehavior [ RunTime:0.000560s ]
SQL: SHOW COLUMNS FROM `3000_navbar` [ RunTime:0.0064s ]
SQL: SELECT * FROM `3000_navbar` WHERE ( nav_isshow=1 ) ORDER BY nav_index  [ RunTime:0.0003s ]
INFO: Run Home\Behaviors\NavBehavior [ RunTime:0.014957s ]
NOTIC: [8] Undefined index: userin E:\wamp\www\tp\ls\Home\API\UserAPI.class.php 第 59 行.
NOTIC: [8] Trying to get property of non-object E:\wamp\www\tp\ls\Home\API\UserAPI.class.php 第 80 行.
INFO: Run Home\Behaviors\UserBehavior [ RunTime:0.001831s ]
INFO: [ app_begin ] --END-- [ RunTime:0.017557s ]
NOTIC: [8] Memcache::connect():  E:\wamp\www\tp\ThinkPHP\Library\Think\Cache\Driver\Memcache.class.php 第 43 行.
NOTIC: [2] Memcache::connect():  E:\wamp\www\tp\ThinkPHP\Library\Think\Cache\Driver\Memcache.class.php 第 43 行.
NOTIC: [2] Memcache::set(): No servers added to memcache connection E:\wamp\www\tp\ThinkPHP\Library\Think\Cache\Driver\Memcache.class.php 第 72 行.
NOTIC: [2] Memcache::get(): No servers added to memcache connection E:\wamp\www\tp\ThinkPHP\Library\Think\Cache\Driver\Memcache.class.php 第 55 行.
INFO: [ app_end ] --START--
INFO: Run Behavior\ShowPageTraceBehavior [ RunTime:0.000780s ]
INFO: [ app_end ] --END-- [ RunTime:0.000887s ]

[ 2016-08-18T20:51:10+08:00 ] ::1 /tp/Home/cart/add_cart
INFO: [ app_init ] --START--
INFO: Run Behavior\BuildLiteBehavior [ RunTime:0.000025s ]
INFO: [ app_init ] --END-- [ RunTime:0.000483s ]
INFO: [ app_begin ] --START--
INFO: Run Behavior\ReadHtmlCacheBehavior [ RunTime:0.000777s ]
SQL: SHOW COLUMNS FROM `3000_navbar` [ RunTime:0.0065s ]
SQL: SELECT * FROM `3000_navbar` WHERE ( nav_isshow=1 ) ORDER BY nav_index  [ RunTime:0.0003s ]
INFO: Run Home\Behaviors\NavBehavior [ RunTime:0.014977s ]
NOTIC: [8] Undefined index: userin E:\wamp\www\tp\ls\Home\API\UserAPI.class.php 第 59 行.
NOTIC: [8] Trying to get property of non-object E:\wamp\www\tp\ls\Home\API\UserAPI.class.php 第 80 行.
INFO: Run Home\Behaviors\UserBehavior [ RunTime:0.002085s ]
INFO: [ app_begin ] --END-- [ RunTime:0.018213s ]
NOTIC: [8] Memcache::connect():  E:\wamp\www\tp\ThinkPHP\Library\Think\Cache\Driver\Memcache.class.php 第 43 行.
NOTIC: [2] Memcache::connect():  E:\wamp\www\tp\ThinkPHP\Library\Think\Cache\Driver\Memcache.class.php 第 43 行.
NOTIC: [2] Memcache::set(): No servers added to memcache connection E:\wamp\www\tp\ThinkPHP\Library\Think\Cache\Driver\Memcache.class.php 第 72 行.
NOTIC: [2] Memcache::get(): No servers added to memcache connection E:\wamp\www\tp\ThinkPHP\Library\Think\Cache\Driver\Memcache.class.php 第 55 行.
INFO: [ app_end ] --START--
INFO: Run Behavior\ShowPageTraceBehavior [ RunTime:0.000846s ]
INFO: [ app_end ] --END-- [ RunTime:0.000992s ]

[ 2016-08-18T20:51:44+08:00 ] ::1 /tp/Home/cart/add_cart
INFO: [ app_init ] --START--
INFO: Run Behavior\BuildLiteBehavior [ RunTime:0.000024s ]
INFO: [ app_init ] --END-- [ RunTime:0.000561s ]
INFO: [ app_begin ] --START--
INFO: Run Behavior\ReadHtmlCacheBehavior [ RunTime:0.000750s ]
SQL: SHOW COLUMNS FROM `3000_navbar` [ RunTime:0.0068s ]
SQL: SELECT * FROM `3000_navbar` WHERE ( nav_isshow=1 ) ORDER BY nav_index  [ RunTime:0.0003s ]
INFO: Run Home\Behaviors\NavBehavior [ RunTime:0.014863s ]
NOTIC: [8] Undefined index: userin E:\wamp\www\tp\ls\Home\API\UserAPI.class.php 第 59 行.
NOTIC: [8] Trying to get property of non-object E:\wamp\www\tp\ls\Home\API\UserAPI.class.php 第 80 行.
INFO: Run Home\Behaviors\UserBehavior [ RunTime:0.001977s ]
INFO: [ app_begin ] --END-- [ RunTime:0.017952s ]
NOTIC: [8] Memcache::connect():  E:\wamp\www\tp\ThinkPHP\Library\Think\Cache\Driver\Memcache.class.php 第 43 行.
NOTIC: [2] Memcache::connect():  E:\wamp\www\tp\ThinkPHP\Library\Think\Cache\Driver\Memcache.class.php 第 43 行.
NOTIC: [2] Memcache::set(): No servers added to memcache connection E:\wamp\www\tp\ThinkPHP\Library\Think\Cache\Driver\Memcache.class.php 第 72 行.
NOTIC: [2] Memcache::get(): No servers added to memcache connection E:\wamp\www\tp\ThinkPHP\Library\Think\Cache\Driver\Memcache.class.php 第 55 行.
INFO: [ app_end ] --START--
INFO: Run Behavior\ShowPageTraceBehavior [ RunTime:0.000689s ]
INFO: [ app_end ] --END-- [ RunTime:0.000800s ]

[ 2016-08-18T20:51:45+08:00 ] ::1 /tp/Home/cart/add_cart
INFO: [ app_init ] --START--
INFO: Run Behavior\BuildLiteBehavior [ RunTime:0.000034s ]
INFO: [ app_init ] --END-- [ RunTime:0.000568s ]
INFO: [ app_begin ] --START--
INFO: Run Behavior\ReadHtmlCacheBehavior [ RunTime:0.000608s ]
SQL: SHOW COLUMNS FROM `3000_navbar` [ RunTime:0.0064s ]
SQL: SELECT * FROM `3000_navbar` WHERE ( nav_isshow=1 ) ORDER BY nav_index  [ RunTime:0.0003s ]
INFO: Run Home\Behaviors\NavBehavior [ RunTime:0.015427s ]
NOTIC: [8] Undefined index: userin E:\wamp\www\tp\ls\Home\API\UserAPI.class.php 第 59 行.
NOTIC: [8] Trying to get property of non-object E:\wamp\www\tp\ls\Home\API\UserAPI.class.php 第 80 行.
INFO: Run Home\Behaviors\UserBehavior [ RunTime:0.001537s ]
INFO: [ app_begin ] --END-- [ RunTime:0.017796s ]
NOTIC: [8] Memcache::connect():  E:\wamp\www\tp\ThinkPHP\Library\Think\Cache\Driver\Memcache.class.php 第 43 行.
NOTIC: [2] Memcache::connect():  E:\wamp\www\tp\ThinkPHP\Library\Think\Cache\Driver\Memcache.class.php 第 43 行.
NOTIC: [2] Memcache::set(): No servers added to memcache connection E:\wamp\www\tp\ThinkPHP\Library\Think\Cache\Driver\Memcache.class.php 第 72 行.
NOTIC: [2] Memcache::get(): No servers added to memcache connection E:\wamp\www\tp\ThinkPHP\Library\Think\Cache\Driver\Memcache.class.php 第 55 行.
INFO: [ app_end ] --START--
INFO: Run Behavior\ShowPageTraceBehavior [ RunTime:0.000794s ]
INFO: [ app_end ] --END-- [ RunTime:0.000931s ]

[ 2016-08-18T20:51:52+08:00 ] ::1 /tp/Home/cart/add_cart
INFO: [ app_init ] --START--
INFO: Run Behavior\BuildLiteBehavior [ RunTime:0.000042s ]
INFO: [ app_init ] --END-- [ RunTime:0.000604s ]
INFO: [ app_begin ] --START--
INFO: Run Behavior\ReadHtmlCacheBehavior [ RunTime:0.000541s ]
SQL: SHOW COLUMNS FROM `3000_navbar` [ RunTime:0.0029s ]
SQL: SELECT * FROM `3000_navbar` WHERE ( nav_isshow=1 ) ORDER BY nav_index  [ RunTime:0.0003s ]
INFO: Run Home\Behaviors\NavBehavior [ RunTime:0.011661s ]
NOTIC: [8] Undefined index: userin E:\wamp\www\tp\ls\Home\API\UserAPI.class.php 第 59 行.
NOTIC: [8] Trying to get property of non-object E:\wamp\www\tp\ls\Home\API\UserAPI.class.php 第 80 行.
INFO: Run Home\Behaviors\UserBehavior [ RunTime:0.001595s ]
INFO: [ app_begin ] --END-- [ RunTime:0.014046s ]
NOTIC: [8] Memcache::connect():  E:\wamp\www\tp\ThinkPHP\Library\Think\Cache\Driver\Memcache.class.php 第 43 行.
NOTIC: [2] Memcache::connect():  E:\wamp\www\tp\ThinkPHP\Library\Think\Cache\Driver\Memcache.class.php 第 43 行.
NOTIC: [2] Memcache::get(): No servers added to memcache connection E:\wamp\www\tp\ThinkPHP\Library\Think\Cache\Driver\Memcache.class.php 第 55 行.
INFO: [ app_end ] --START--
INFO: Run Behavior\ShowPageTraceBehavior [ RunTime:0.000724s ]
INFO: [ app_end ] --END-- [ RunTime:0.000856s ]

[ 2016-08-18T20:52:15+08:00 ] ::1 /tp/Home/cart/add_cart
INFO: [ app_init ] --START--
INFO: Run Behavior\BuildLiteBehavior [ RunTime:0.000027s ]
INFO: [ app_init ] --END-- [ RunTime:0.000606s ]
INFO: [ app_begin ] --START--
INFO: Run Behavior\ReadHtmlCacheBehavior [ RunTime:0.000468s ]
SQL: SHOW COLUMNS FROM `3000_navbar` [ RunTime:0.0068s ]
SQL: SELECT * FROM `3000_navbar` WHERE ( nav_isshow=1 ) ORDER BY nav_index  [ RunTime:0.0003s ]
INFO: Run Home\Behaviors\NavBehavior [ RunTime:0.015201s ]
NOTIC: [8] Undefined index: userin E:\wamp\www\tp\ls\Home\API\UserAPI.class.php 第 59 行.
NOTIC: [8] Trying to get property of non-object E:\wamp\www\tp\ls\Home\API\UserAPI.class.php 第 80 行.
INFO: Run Home\Behaviors\UserBehavior [ RunTime:0.001870s ]
INFO: [ app_begin ] --END-- [ RunTime:0.017759s ]
INFO: [ app_end ] --START--
INFO: Run Behavior\ShowPageTraceBehavior [ RunTime:0.001038s ]
INFO: [ app_end ] --END-- [ RunTime:0.001208s ]

[ 2016-08-18T20:52:16+08:00 ] ::1 /tp/Home/cart/add_cart
INFO: [ app_init ] --START--
INFO: Run Behavior\BuildLiteBehavior [ RunTime:0.000031s ]
INFO: [ app_init ] --END-- [ RunTime:0.000464s ]
INFO: [ app_begin ] --START--
INFO: Run Behavior\ReadHtmlCacheBehavior [ RunTime:0.000550s ]
SQL: SHOW COLUMNS FROM `3000_navbar` [ RunTime:0.0037s ]
SQL: SELECT * FROM `3000_navbar` WHERE ( nav_isshow=1 ) ORDER BY nav_index  [ RunTime:0.0003s ]
INFO: Run Home\Behaviors\NavBehavior [ RunTime:0.021238s ]
NOTIC: [8] Undefined index: userin E:\wamp\www\tp\ls\Home\API\UserAPI.class.php 第 59 行.
NOTIC: [8] Trying to get property of non-object E:\wamp\www\tp\ls\Home\API\UserAPI.class.php 第 80 行.
INFO: Run Home\Behaviors\UserBehavior [ RunTime:0.001591s ]
INFO: [ app_begin ] --END-- [ RunTime:0.023624s ]
INFO: [ app_end ] --START--
INFO: Run Behavior\ShowPageTraceBehavior [ RunTime:0.000738s ]
INFO: [ app_end ] --END-- [ RunTime:0.000891s ]

[ 2016-08-18T20:52:16+08:00 ] ::1 /tp/Home/cart/add_cart
INFO: [ app_init ] --START--
INFO: Run Behavior\BuildLiteBehavior [ RunTime:0.000023s ]
INFO: [ app_init ] --END-- [ RunTime:0.000491s ]
INFO: [ app_begin ] --START--
INFO: Run Behavior\ReadHtmlCacheBehavior [ RunTime:0.000511s ]
SQL: SHOW COLUMNS FROM `3000_navbar` [ RunTime:0.0067s ]
SQL: SELECT * FROM `3000_navbar` WHERE ( nav_isshow=1 ) ORDER BY nav_index  [ RunTime:0.0003s ]
INFO: Run Home\Behaviors\NavBehavior [ RunTime:0.014832s ]
NOTIC: [8] Undefined index: userin E:\wamp\www\tp\ls\Home\API\UserAPI.class.php 第 59 行.
NOTIC: [8] Trying to get property of non-object E:\wamp\www\tp\ls\Home\API\UserAPI.class.php 第 80 行.
INFO: Run Home\Behaviors\UserBehavior [ RunTime:0.001380s ]
INFO: [ app_begin ] --END-- [ RunTime:0.016957s ]
INFO: [ app_end ] --START--
INFO: Run Behavior\ShowPageTraceBehavior [ RunTime:0.000745s ]
INFO: [ app_end ] --END-- [ RunTime:0.000906s ]

[ 2016-08-18T20:53:03+08:00 ] ::1 /tp/Home/cart/add_cart
INFO: [ app_init ] --START--
INFO: Run Behavior\BuildLiteBehavior [ RunTime:0.000028s ]
INFO: [ app_init ] --END-- [ RunTime:0.000509s ]
INFO: [ app_begin ] --START--
INFO: Run Behavior\ReadHtmlCacheBehavior [ RunTime:0.000507s ]
SQL: SHOW COLUMNS FROM `3000_navbar` [ RunTime:0.0036s ]
SQL: SELECT * FROM `3000_navbar` WHERE ( nav_isshow=1 ) ORDER BY nav_index  [ RunTime:0.0003s ]
INFO: Run Home\Behaviors\NavBehavior [ RunTime:0.012149s ]
NOTIC: [8] Undefined index: userin E:\wamp\www\tp\ls\Home\API\UserAPI.class.php 第 59 行.
NOTIC: [8] Trying to get property of non-object E:\wamp\www\tp\ls\Home\API\UserAPI.class.php 第 80 行.
INFO: Run Home\Behaviors\UserBehavior [ RunTime:0.002249s ]
INFO: [ app_begin ] --END-- [ RunTime:0.015171s ]
INFO: [ app_end ] --START--
INFO: Run Behavior\ShowPageTraceBehavior [ RunTime:0.000670s ]
INFO: [ app_end ] --END-- [ RunTime:0.000846s ]

[ 2016-08-18T20:53:04+08:00 ] ::1 /tp/Home/cart/add_cart
INFO: [ app_init ] --START--
INFO: Run Behavior\BuildLiteBehavior [ RunTime:0.000023s ]
INFO: [ app_init ] --END-- [ RunTime:0.000524s ]
INFO: [ app_begin ] --START--
INFO: Run Behavior\ReadHtmlCacheBehavior [ RunTime:0.000505s ]
SQL: SHOW COLUMNS FROM `3000_navbar` [ RunTime:0.0033s ]
SQL: SELECT * FROM `3000_navbar` WHERE ( nav_isshow=1 ) ORDER BY nav_index  [ RunTime:0.0003s ]
INFO: Run Home\Behaviors\NavBehavior [ RunTime:0.011071s ]
NOTIC: [8] Undefined index: userin E:\wamp\www\tp\ls\Home\API\UserAPI.class.php 第 59 行.
NOTIC: [8] Trying to get property of non-object E:\wamp\www\tp\ls\Home\API\UserAPI.class.php 第 80 行.
INFO: Run Home\Behaviors\UserBehavior [ RunTime:0.001745s ]
INFO: [ app_begin ] --END-- [ RunTime:0.013556s ]
INFO: [ app_end ] --START--
INFO: Run Behavior\ShowPageTraceBehavior [ RunTime:0.000708s ]
INFO: [ app_end ] --END-- [ RunTime:0.000855s ]

[ 2016-08-18T20:53:06+08:00 ] ::1 /tp/Home/cart/add_cart
INFO: [ app_init ] --START--
INFO: Run Behavior\BuildLiteBehavior [ RunTime:0.000023s ]
INFO: [ app_init ] --END-- [ RunTime:0.000520s ]
INFO: [ app_begin ] --START--
INFO: Run Behavior\ReadHtmlCacheBehavior [ RunTime:0.000735s ]
SQL: SHOW COLUMNS FROM `3000_navbar` [ RunTime:0.0067s ]
SQL: SELECT * FROM `3000_navbar` WHERE ( nav_isshow=1 ) ORDER BY nav_index  [ RunTime:0.0004s ]
INFO: Run Home\Behaviors\NavBehavior [ RunTime:0.014931s ]
NOTIC: [8] Undefined index: userin E:\wamp\www\tp\ls\Home\API\UserAPI.class.php 第 59 行.
NOTIC: [8] Trying to get property of non-object E:\wamp\www\tp\ls\Home\API\UserAPI.class.php 第 80 行.
INFO: Run Home\Behaviors\UserBehavior [ RunTime:0.001803s ]
INFO: [ app_begin ] --END-- [ RunTime:0.017761s ]
INFO: [ app_end ] --START--
INFO: Run Behavior\ShowPageTraceBehavior [ RunTime:0.000696s ]
INFO: [ app_end ] --END-- [ RunTime:0.000857s ]

[ 2016-08-18T20:53:13+08:00 ] ::1 /tp/Home/cart/add_cart
INFO: [ app_init ] --START--
INFO: Run Behavior\BuildLiteBehavior [ RunTime:0.000024s ]
INFO: [ app_init ] --END-- [ RunTime:0.000548s ]
INFO: [ app_begin ] --START--
INFO: Run Behavior\ReadHtmlCacheBehavior [ RunTime:0.000634s ]
SQL: SHOW COLUMNS FROM `3000_navbar` [ RunTime:0.0069s ]
SQL: SELECT * FROM `3000_navbar` WHERE ( nav_isshow=1 ) ORDER BY nav_index  [ RunTime:0.0004s ]
INFO: Run Home\Behaviors\NavBehavior [ RunTime:0.015551s ]
NOTIC: [8] Undefined index: userin E:\wamp\www\tp\ls\Home\API\UserAPI.class.php 第 59 行.
NOTIC: [8] Trying to get property of non-object E:\wamp\www\tp\ls\Home\API\UserAPI.class.php 第 80 行.
INFO: Run Home\Behaviors\UserBehavior [ RunTime:0.001775s ]
INFO: [ app_begin ] --END-- [ RunTime:0.018199s ]
INFO: [ app_end ] --START--
INFO: Run Behavior\ShowPageTraceBehavior [ RunTime:0.000783s ]
INFO: [ app_end ] --END-- [ RunTime:0.000925s ]

[ 2016-08-18T20:58:35+08:00 ] ::1 /tp/Home/cart/add_cart
INFO: [ app_init ] --START--
INFO: Run Behavior\BuildLiteBehavior [ RunTime:0.000105s ]
INFO: [ app_init ] --END-- [ RunTime:0.000790s ]
INFO: [ app_begin ] --START--
INFO: Run Behavior\ReadHtmlCacheBehavior [ RunTime:0.000616s ]
SQL: SHOW COLUMNS FROM `3000_navbar` [ RunTime:0.0066s ]
SQL: SELECT * FROM `3000_navbar` WHERE ( nav_isshow=1 ) ORDER BY nav_index  [ RunTime:0.0004s ]
INFO: Run Home\Behaviors\NavBehavior [ RunTime:0.015053s ]
NOTIC: [8] Undefined index: userin E:\wamp\www\tp\ls\Home\API\UserAPI.class.php 第 59 行.
NOTIC: [8] Trying to get property of non-object E:\wamp\www\tp\ls\Home\API\UserAPI.class.php 第 80 行.
INFO: Run Home\Behaviors\UserBehavior [ RunTime:0.001873s ]
INFO: [ app_begin ] --END-- [ RunTime:0.017789s ]
INFO: [ app_end ] --START--
INFO: Run Behavior\ShowPageTraceBehavior [ RunTime:0.000669s ]
INFO: [ app_end ] --END-- [ RunTime:0.000788s ]

[ 2016-08-18T20:59:00+08:00 ] ::1 /tp/Home/cart/add_cart
INFO: [ app_init ] --START--
INFO: Run Behavior\BuildLiteBehavior [ RunTime:0.000024s ]
INFO: [ app_init ] --END-- [ RunTime:0.000565s ]
INFO: [ app_begin ] --START--
INFO: Run Behavior\ReadHtmlCacheBehavior [ RunTime:0.000602s ]
SQL: SHOW COLUMNS FROM `3000_navbar` [ RunTime:0.0067s ]
SQL: SELECT * FROM `3000_navbar` WHERE ( nav_isshow=1 ) ORDER BY nav_index  [ RunTime:0.0003s ]
INFO: Run Home\Behaviors\NavBehavior [ RunTime:0.015207s ]
NOTIC: [8] Undefined index: userin E:\wamp\www\tp\ls\Home\API\UserAPI.class.php 第 59 行.
NOTIC: [8] Trying to get property of non-object E:\wamp\www\tp\ls\Home\API\UserAPI.class.php 第 80 行.
INFO: Run Home\Behaviors\UserBehavior [ RunTime:0.001778s ]
INFO: [ app_begin ] --END-- [ RunTime:0.017799s ]
INFO: [ app_end ] --START--
INFO: Run Behavior\ShowPageTraceBehavior [ RunTime:0.000695s ]
INFO: [ app_end ] --END-- [ RunTime:0.000839s ]

[ 2016-08-18T21:00:34+08:00 ] ::1 /tp/Home/cart/add_cart
INFO: [ app_init ] --START--
INFO: Run Behavior\BuildLiteBehavior [ RunTime:0.000039s ]
INFO: [ app_init ] --END-- [ RunTime:0.000555s ]
INFO: [ app_begin ] --START--
INFO: Run Behavior\ReadHtmlCacheBehavior [ RunTime:0.000634s ]
SQL: SHOW COLUMNS FROM `3000_navbar` [ RunTime:0.0031s ]
SQL: SELECT * FROM `3000_navbar` WHERE ( nav_isshow=1 ) ORDER BY nav_index  [ RunTime:0.0003s ]
INFO: Run Home\Behaviors\NavBehavior [ RunTime:0.010871s ]
NOTIC: [8] Undefined index: userin E:\wamp\www\tp\ls\Home\API\UserAPI.class.php 第 59 行.
NOTIC: [8] Trying to get property of non-object E:\wamp\www\tp\ls\Home\API\UserAPI.class.php 第 80 行.
INFO: Run Home\Behaviors\UserBehavior [ RunTime:0.001734s ]
INFO: [ app_begin ] --END-- [ RunTime:0.013496s ]
INFO: [ app_end ] --START--
INFO: Run Behavior\ShowPageTraceBehavior [ RunTime:0.000767s ]
INFO: [ app_end ] --END-- [ RunTime:0.000898s ]

[ 2016-08-18T21:00:54+08:00 ] ::1 /tp/Home/cart/add_cart
INFO: [ app_init ] --START--
INFO: Run Behavior\BuildLiteBehavior [ RunTime:0.000024s ]
INFO: [ app_init ] --END-- [ RunTime:0.000497s ]
INFO: [ app_begin ] --START--
INFO: Run Behavior\ReadHtmlCacheBehavior [ RunTime:0.000527s ]
SQL: SHOW COLUMNS FROM `3000_navbar` [ RunTime:0.0066s ]
SQL: SELECT * FROM `3000_navbar` WHERE ( nav_isshow=1 ) ORDER BY nav_index  [ RunTime:0.0004s ]
INFO: Run Home\Behaviors\NavBehavior [ RunTime:0.014661s ]
NOTIC: [8] Undefined index: userin E:\wamp\www\tp\ls\Home\API\UserAPI.class.php 第 59 行.
NOTIC: [8] Trying to get property of non-object E:\wamp\www\tp\ls\Home\API\UserAPI.class.php 第 80 行.
INFO: Run Home\Behaviors\UserBehavior [ RunTime:0.001581s ]
INFO: [ app_begin ] --END-- [ RunTime:0.017017s ]
INFO: [ app_end ] --START--
INFO: Run Behavior\ShowPageTraceBehavior [ RunTime:0.000683s ]
INFO: [ app_end ] --END-- [ RunTime:0.000827s ]

[ 2016-08-18T21:09:40+08:00 ] ::1 /tp/Home/cart/add_cart
INFO: [ app_init ] --START--
INFO: Run Behavior\BuildLiteBehavior [ RunTime:0.000026s ]
INFO: [ app_init ] --END-- [ RunTime:0.000601s ]
INFO: [ app_begin ] --START--
INFO: Run Behavior\ReadHtmlCacheBehavior [ RunTime:0.000614s ]
SQL: SHOW COLUMNS FROM `3000_navbar` [ RunTime:0.0044s ]
SQL: SELECT * FROM `3000_navbar` WHERE ( nav_isshow=1 ) ORDER BY nav_index  [ RunTime:0.0003s ]
INFO: Run Home\Behaviors\NavBehavior [ RunTime:0.013334s ]
NOTIC: [8] Undefined index: userin E:\wamp\www\tp\ls\Home\API\UserAPI.class.php 第 59 行.
NOTIC: [8] Trying to get property of non-object E:\wamp\www\tp\ls\Home\API\UserAPI.class.php 第 80 行.
INFO: Run Home\Behaviors\UserBehavior [ RunTime:0.001785s ]
INFO: [ app_begin ] --END-- [ RunTime:0.015957s ]
INFO: [ app_end ] --START--
INFO: Run Behavior\ShowPageTraceBehavior [ RunTime:0.000989s ]
INFO: [ app_end ] --END-- [ RunTime:0.001122s ]

[ 2016-08-18T21:22:41+08:00 ] ::1 /tp/Home/info/detail?pid=14
INFO: [ app_init ] --START--
INFO: Run Behavior\BuildLiteBehavior [ RunTime:0.000047s ]
INFO: [ app_init ] --END-- [ RunTime:0.000800s ]
INFO: [ app_begin ] --START--
INFO: Run Behavior\ReadHtmlCacheBehavior [ RunTime:0.000629s ]
SQL: SHOW COLUMNS FROM `3000_navbar` [ RunTime:0.0050s ]
SQL: SELECT * FROM `3000_navbar` WHERE ( nav_isshow=1 ) ORDER BY nav_index  [ RunTime:0.0005s ]
INFO: Run Home\Behaviors\NavBehavior [ RunTime:0.016363s ]
NOTIC: [8] Undefined index: userin E:\wamp\www\tp\ls\Home\API\UserAPI.class.php 第 59 行.
NOTIC: [8] Trying to get property of non-object E:\wamp\www\tp\ls\Home\API\UserAPI.class.php 第 80 行.
INFO: Run Home\Behaviors\UserBehavior [ RunTime:0.002041s ]
INFO: [ app_begin ] --END-- [ RunTime:0.019334s ]
SQL: SHOW COLUMNS FROM `3000_info` [ RunTime:0.0049s ]
SQL: SELECT COUNT(*) AS tp_count FROM `3000_info` WHERE ( info_id=14 and info_type=2 ) LIMIT 1   [ RunTime:0.0006s ]
SQL: SELECT * FROM `3000_info` WHERE ( info_id=14 and info_type=2 ) ORDER BY info_id LIMIT 0,2   [ RunTime:0.0004s ]
SQL: SHOW COLUMNS FROM `3000_info_meta` [ RunTime:0.0035s ]
SQL: SELECT * FROM `3000_info_meta` WHERE ( info_id in(14) ) ORDER BY info_id desc  [ RunTime:0.0004s ]
INFO: [ view_parse ] --START--
INFO: [ template_filter ] --START--
INFO: Run Behavior\ContentReplaceBehavior [ RunTime:0.000144s ]
INFO: [ template_filter ] --END-- [ RunTime:0.000260s ]
SQL: SELECT * FROM `3000_navbar` WHERE ( nav_isshow=1 ) ORDER BY nav_index  [ RunTime:0.0003s ]
SQL: SELECT * FROM `3000_navbar` WHERE ( nav_isshow=1 ) ORDER BY nav_index  [ RunTime:0.0003s ]
NOTIC: [8] Undefined variable: user_login E:\wamp\www\tp\ls\Runtime\Cache\Home\c2a9317dd4e547bbdccb57079ce11e04.php 第 48 行.
SQL: SHOW COLUMNS FROM `3000_info_widget` [ RunTime:0.0033s ]
SQL: SELECT * FROM `3000_info_widget` WHERE ( wig_id=1 ) LIMIT 1   [ RunTime:0.0003s ]
SQL: SHOW COLUMNS FROM `3000_info` [ RunTime:0.0028s ]
SQL: SELECT * FROM `3000_info` WHERE ( info_type=1 ) ORDER BY info_id desc LIMIT 5   [ RunTime:0.0002s ]
INFO: [ view_parse ] --START--
INFO: [ template_filter ] --START--
INFO: Run Behavior\ContentReplaceBehavior [ RunTime:0.000086s ]
INFO: [ template_filter ] --END-- [ RunTime:-0.039031s ]
INFO: Run Behavior\ParseTemplateBehavior [ RunTime:0.004852s ]
INFO: [ view_parse ] --END-- [ RunTime:0.005019s ]
INFO: [ view_filter ] --START--
INFO: Run Behavior\WriteHtmlCacheBehavior [ RunTime:0.000491s ]
INFO: [ view_filter ] --END-- [ RunTime:0.000589s ]
INFO: Run Behavior\ParseTemplateBehavior [ RunTime:0.005766s ]
INFO: [ view_parse ] --END-- [ RunTime:0.005019s ]
INFO: [ view_filter ] --START--
INFO: Run Behavior\WriteHtmlCacheBehavior [ RunTime:0.000041s ]
INFO: [ view_filter ] --END-- [ RunTime:-0.000361s ]
INFO: [ app_end ] --START--
INFO: Run Behavior\ShowPageTraceBehavior [ RunTime:0.000717s ]
INFO: [ app_end ] --END-- [ RunTime:0.000853s ]

[ 2016-08-18T21:25:14+08:00 ] ::1 /tp/Home/info/detail?pid=14
INFO: [ app_init ] --START--
INFO: Run Behavior\BuildLiteBehavior [ RunTime:0.000025s ]
INFO: [ app_init ] --END-- [ RunTime:0.000519s ]
INFO: [ app_begin ] --START--
INFO: Run Behavior\ReadHtmlCacheBehavior [ RunTime:0.000532s ]
SQL: SHOW COLUMNS FROM `3000_navbar` [ RunTime:0.0037s ]
SQL: SELECT * FROM `3000_navbar` WHERE ( nav_isshow=1 ) ORDER BY nav_index  [ RunTime:0.0004s ]
INFO: Run Home\Behaviors\NavBehavior [ RunTime:0.014502s ]
NOTIC: [8] Undefined index: userin E:\wamp\www\tp\ls\Home\API\UserAPI.class.php 第 59 行.
NOTIC: [8] Trying to get property of non-object E:\wamp\www\tp\ls\Home\API\UserAPI.class.php 第 80 行.
INFO: Run Home\Behaviors\UserBehavior [ RunTime:0.002038s ]
INFO: [ app_begin ] --END-- [ RunTime:0.017292s ]
SQL: SHOW COLUMNS FROM `3000_info` [ RunTime:0.0057s ]
SQL: SELECT COUNT(*) AS tp_count FROM `3000_info` WHERE ( info_id=14 and info_type=2 ) LIMIT 1   [ RunTime:0.0003s ]
SQL: SELECT * FROM `3000_info` WHERE ( info_id=14 and info_type=2 ) ORDER BY info_id LIMIT 0,2   [ RunTime:0.0005s ]
SQL: SHOW COLUMNS FROM `3000_info_meta` [ RunTime:0.0030s ]
SQL: SELECT * FROM `3000_info_meta` WHERE ( info_id in(14) ) ORDER BY info_id desc  [ RunTime:0.0003s ]
INFO: [ view_parse ] --START--
INFO: [ template_filter ] --START--
INFO: Run Behavior\ContentReplaceBehavior [ RunTime:0.000117s ]
INFO: [ template_filter ] --END-- [ RunTime:0.000231s ]
SQL: SELECT * FROM `3000_navbar` WHERE ( nav_isshow=1 ) ORDER BY nav_index  [ RunTime:0.0003s ]
SQL: SELECT * FROM `3000_navbar` WHERE ( nav_isshow=1 ) ORDER BY nav_index  [ RunTime:0.0003s ]
NOTIC: [8] Undefined variable: user_login E:\wamp\www\tp\ls\Runtime\Cache\Home\c2a9317dd4e547bbdccb57079ce11e04.php 第 48 行.
SQL: SHOW COLUMNS FROM `3000_info_widget` [ RunTime:0.0029s ]
SQL: SELECT * FROM `3000_info_widget` WHERE ( wig_id=1 ) LIMIT 1   [ RunTime:0.0002s ]
INFO: [ view_parse ] --START--
INFO: [ template_filter ] --START--
INFO: Run Behavior\ContentReplaceBehavior [ RunTime:0.000055s ]
INFO: [ template_filter ] --END-- [ RunTime:-0.013124s ]
INFO: Run Behavior\ParseTemplateBehavior [ RunTime:0.003151s ]
INFO: [ view_parse ] --END-- [ RunTime:0.003269s ]
INFO: [ view_filter ] --START--
INFO: Run Behavior\WriteHtmlCacheBehavior [ RunTime:0.000421s ]
INFO: [ view_filter ] --END-- [ RunTime:0.000524s ]
INFO: Run Behavior\ParseTemplateBehavior [ RunTime:0.003929s ]
INFO: [ view_parse ] --END-- [ RunTime:0.003269s ]
INFO: [ view_filter ] --START--
INFO: Run Behavior\WriteHtmlCacheBehavior [ RunTime:0.000025s ]
INFO: [ view_filter ] --END-- [ RunTime:-0.000234s ]
INFO: [ app_end ] --START--
INFO: Run Behavior\ShowPageTraceBehavior [ RunTime:0.000745s ]
INFO: [ app_end ] --END-- [ RunTime:0.000888s ]

[ 2016-08-18T21:25:30+08:00 ] ::1 /tp/Home/info/detail?pid=14
INFO: [ app_init ] --START--
INFO: Run Behavior\BuildLiteBehavior [ RunTime:0.000027s ]
INFO: [ app_init ] --END-- [ RunTime:0.000455s ]
INFO: [ app_begin ] --START--
INFO: Run Behavior\ReadHtmlCacheBehavior [ RunTime:0.000525s ]
SQL: SHOW COLUMNS FROM `3000_navbar` [ RunTime:0.0068s ]
SQL: SELECT * FROM `3000_navbar` WHERE ( nav_isshow=1 ) ORDER BY nav_index  [ RunTime:0.0003s ]
INFO: Run Home\Behaviors\NavBehavior [ RunTime:0.015549s ]
NOTIC: [8] Undefined index: userin E:\wamp\www\tp\ls\Home\API\UserAPI.class.php 第 59 行.
NOTIC: [8] Trying to get property of non-object E:\wamp\www\tp\ls\Home\API\UserAPI.class.php 第 80 行.
INFO: Run Home\Behaviors\UserBehavior [ RunTime:0.001686s ]
INFO: [ app_begin ] --END-- [ RunTime:0.018016s ]
SQL: SHOW COLUMNS FROM `3000_info` [ RunTime:0.0028s ]
SQL: SELECT COUNT(*) AS tp_count FROM `3000_info` WHERE ( info_id=14 and info_type=2 ) LIMIT 1   [ RunTime:0.0005s ]
SQL: SELECT * FROM `3000_info` WHERE ( info_id=14 and info_type=2 ) ORDER BY info_id LIMIT 0,2   [ RunTime:0.0004s ]
SQL: SHOW COLUMNS FROM `3000_info_meta` [ RunTime:0.0034s ]
SQL: SELECT * FROM `3000_info_meta` WHERE ( info_id in(14) ) ORDER BY info_id desc  [ RunTime:0.0003s ]
INFO: [ view_parse ] --START--
INFO: [ template_filter ] --START--
INFO: Run Behavior\ContentReplaceBehavior [ RunTime:0.000115s ]
INFO: [ template_filter ] --END-- [ RunTime:0.000234s ]
SQL: SELECT * FROM `3000_navbar` WHERE ( nav_isshow=1 ) ORDER BY nav_index  [ RunTime:0.0003s ]
SQL: SELECT * FROM `3000_navbar` WHERE ( nav_isshow=1 ) ORDER BY nav_index  [ RunTime:0.0002s ]
NOTIC: [8] Undefined variable: user_login E:\wamp\www\tp\ls\Runtime\Cache\Home\c2a9317dd4e547bbdccb57079ce11e04.php 第 48 行.
SQL: SHOW COLUMNS FROM `3000_info_widget` [ RunTime:0.0029s ]
SQL: SELECT * FROM `3000_info_widget` WHERE ( wig_id=1 ) LIMIT 1   [ RunTime:0.0002s ]
INFO: [ view_parse ] --START--
INFO: [ template_filter ] --START--
INFO: Run Behavior\ContentReplaceBehavior [ RunTime:0.000059s ]
INFO: [ template_filter ] --END-- [ RunTime:-0.013216s ]
INFO: Run Behavior\ParseTemplateBehavior [ RunTime:0.003970s ]
INFO: [ view_parse ] --END-- [ RunTime:0.004093s ]
INFO: [ view_filter ] --START--
INFO: Run Behavior\WriteHtmlCacheBehavior [ RunTime:0.000332s ]
INFO: [ view_filter ] --END-- [ RunTime:0.000439s ]
INFO: Run Behavior\ParseTemplateBehavior [ RunTime:0.004674s ]
INFO: [ view_parse ] --END-- [ RunTime:0.004093s ]
INFO: [ view_filter ] --START--
INFO: Run Behavior\WriteHtmlCacheBehavior [ RunTime:0.000026s ]
INFO: [ view_filter ] --END-- [ RunTime:-0.000235s ]
INFO: [ app_end ] --START--
INFO: Run Behavior\ShowPageTraceBehavior [ RunTime:0.000680s ]
INFO: [ app_end ] --END-- [ RunTime:0.000800s ]

